04-Mar-2025 12:37:55.596 INFO [main] org.apache.catalina.startup.VersionLoggerListener.log Nom version serveur :              Apache Tomcat/9.0.99
04-Mar-2025 12:37:55.603 INFO [main] org.apache.catalina.startup.VersionLoggerListener.log Serveur compilé :                  Feb 4 2025 20:08:08 UTC
04-Mar-2025 12:37:55.603 INFO [main] org.apache.catalina.startup.VersionLoggerListener.log Version du serveur :               9.0.99.0
04-Mar-2025 12:37:55.603 INFO [main] org.apache.catalina.startup.VersionLoggerListener.log Nom de l'OS :                      Windows 11
04-Mar-2025 12:37:55.603 INFO [main] org.apache.catalina.startup.VersionLoggerListener.log Version OS :                       10.0
04-Mar-2025 12:37:55.603 INFO [main] org.apache.catalina.startup.VersionLoggerListener.log Architecture :                     amd64
04-Mar-2025 12:37:55.603 INFO [main] org.apache.catalina.startup.VersionLoggerListener.log Java Home :                        C:\Users\abrad\.jdks\openjdk-23.0.1
04-Mar-2025 12:37:55.604 INFO [main] org.apache.catalina.startup.VersionLoggerListener.log Version JVM :                      23.0.1+11-39
04-Mar-2025 12:37:55.604 INFO [main] org.apache.catalina.startup.VersionLoggerListener.log Fournisseur de la JVM :            Oracle Corporation
04-Mar-2025 12:37:55.604 INFO [main] org.apache.catalina.startup.VersionLoggerListener.log CATALINA_BASE :                    C:\Users\abrad\OneDrive\Bureau\ENAA\Demandez-Rendez-vous2
04-Mar-2025 12:37:55.604 INFO [main] org.apache.catalina.startup.VersionLoggerListener.log CATALINA_HOME :                    C:\Program Files\Apache Software Foundation\Tomcat 9.0
04-Mar-2025 12:37:55.613 INFO [main] org.apache.catalina.startup.VersionLoggerListener.log Argument de la ligne de commande : --add-opens=java.base/java.lang=ALL-UNNAMED
04-Mar-2025 12:37:55.613 INFO [main] org.apache.catalina.startup.VersionLoggerListener.log Argument de la ligne de commande : --add-opens=java.base/java.io=ALL-UNNAMED
04-Mar-2025 12:37:55.613 INFO [main] org.apache.catalina.startup.VersionLoggerListener.log Argument de la ligne de commande : --add-opens=java.base/java.util=ALL-UNNAMED
04-Mar-2025 12:37:55.613 INFO [main] org.apache.catalina.startup.VersionLoggerListener.log Argument de la ligne de commande : --add-opens=java.base/java.util.concurrent=ALL-UNNAMED
04-Mar-2025 12:37:55.614 INFO [main] org.apache.catalina.startup.VersionLoggerListener.log Argument de la ligne de commande : --add-opens=java.rmi/sun.rmi.transport=ALL-UNNAMED
04-Mar-2025 12:37:55.614 INFO [main] org.apache.catalina.startup.VersionLoggerListener.log Argument de la ligne de commande : -Dcatalina.home=C:\Program Files\Apache Software Foundation\Tomcat 9.0
04-Mar-2025 12:37:55.614 INFO [main] org.apache.catalina.startup.VersionLoggerListener.log Argument de la ligne de commande : -Dcatalina.base=C:\Users\abrad\OneDrive\Bureau\ENAA\Demandez-Rendez-vous2
04-Mar-2025 12:37:55.614 INFO [main] org.apache.catalina.startup.VersionLoggerListener.log Argument de la ligne de commande : -Djava.io.tmpdir=C:\Users\abrad\OneDrive\Bureau\ENAA\Demandez-Rendez-vous2\temp
04-Mar-2025 12:37:55.614 INFO [main] org.apache.catalina.startup.VersionLoggerListener.log Argument de la ligne de commande : -Djava.util.logging.config.file=C:\Users\abrad\OneDrive\Bureau\ENAA\Demandez-Rendez-vous2\conf\logging.properties
04-Mar-2025 12:37:55.614 INFO [main] org.apache.catalina.startup.VersionLoggerListener.log Argument de la ligne de commande : -Djava.util.logging.manager=org.apache.juli.ClassLoaderLogManager
04-Mar-2025 12:37:55.614 INFO [main] org.apache.catalina.startup.VersionLoggerListener.log Argument de la ligne de commande : -javaagent:C:\Program Files\JetBrains\IntelliJ IDEA Community Edition 2024.3.1\lib\idea_rt.jar=50292:C:\Program Files\JetBrains\IntelliJ IDEA Community Edition 2024.3.1\bin
04-Mar-2025 12:37:55.614 INFO [main] org.apache.catalina.startup.VersionLoggerListener.log Argument de la ligne de commande : -Dfile.encoding=UTF-8
04-Mar-2025 12:37:55.614 INFO [main] org.apache.catalina.startup.VersionLoggerListener.log Argument de la ligne de commande : -Dsun.stdout.encoding=UTF-8
04-Mar-2025 12:37:55.615 INFO [main] org.apache.catalina.startup.VersionLoggerListener.log Argument de la ligne de commande : -Dsun.stderr.encoding=UTF-8
04-Mar-2025 12:37:55.621 INFO [main] org.apache.catalina.core.AprLifecycleListener.lifecycleEvent La librairie Apache Tomcat Native basée sur APR qui permet des performances optimales dans les environnements de production n'a pas été trouvée sur le java.library.path : [C:\Users\abrad\.jdks\openjdk-23.0.1\bin;C:\WINDOWS\Sun\Java\bin;C:\WINDOWS\system32;C:\WINDOWS;C:\Program Files\Common Files\Oracle\Java\javapath;C:\WINDOWS\system32;C:\WINDOWS;C:\WINDOWS\System32\Wbem;C:\WINDOWS\System32\WindowsPowerShell\v1.0\;C:\WINDOWS\System32\OpenSSH\;C:\MinGW\bin;C:\Program Files\Git\cmd;C:\Program Files\Java\jdk-23\bin;C:\Users\abrad\AppData\Local\Microsoft\WindowsApps;C:\Users\abrad\AppData\Local\Programs\Microsoft VS Code\bin;C:\MinGW\bin;;C:\Program Files\JetBrains\IntelliJ IDEA 2024.3.1\bin;;C:\Users\abrad\AppData\Local\JetBrains\IntelliJ IDEA Community Edition 2024.3.1\bin;;.]
04-Mar-2025 12:37:56.303 INFO [main] org.apache.coyote.AbstractProtocol.init Initialisation du gestionnaire de protocole ["http-nio-8090"]
04-Mar-2025 12:37:56.331 INFO [main] org.apache.catalina.startup.Catalina.load L'initialisation du serveur a pris [1282] millisecondes
04-Mar-2025 12:37:56.450 INFO [main] org.apache.catalina.core.StandardService.startInternal Démarrage du service [Catalina]
04-Mar-2025 12:37:56.450 INFO [main] org.apache.catalina.core.StandardEngine.startInternal Démarrage du moteur de Servlets : [Apache Tomcat/9.0.99]
04-Mar-2025 12:37:56.463 INFO [main] org.apache.catalina.startup.HostConfig.deployDescriptor Déploiement du descripteur de configuration [C:\Users\abrad\OneDrive\Bureau\ENAA\Demandez-Rendez-vous2\conf\Catalina\localhost\Demandez-Rendez-vous2.xml]
04-Mar-2025 12:37:56.845 WARNING [main] org.apache.tomcat.util.descriptor.web.WebXml.setVersion Version [6.0] inconnue, utilisation de la version par défaut
04-Mar-2025 12:37:58.151 INFO [main] org.apache.jasper.servlet.TldScanner.scanJars Au moins un fichier JAR a été analysé pour trouver des TLDs mais il n'en contenait pas, le mode "debug" du journal peut être activé pour obtenir une liste complète de JAR scannés sans succès ; éviter d'analyser des JARs inutilement peut améliorer sensiblement le temps de démarrage et le temps de compilation des JSPs
04-Mar-2025 12:37:58.263 INFO [main] org.apache.catalina.startup.HostConfig.deployDescriptor Le traitement du descripteur de déploiement [C:\Users\abrad\OneDrive\Bureau\ENAA\Demandez-Rendez-vous2\conf\Catalina\localhost\Demandez-Rendez-vous2.xml] a pris [1 798] ms
04-Mar-2025 12:37:58.270 INFO [main] org.apache.coyote.AbstractProtocol.start Démarrage du gestionnaire de protocole ["http-nio-8090"]
04-Mar-2025 12:37:58.300 INFO [main] org.apache.catalina.startup.Catalina.start Le démarrage du serveur a pris [1966] millisecondes
04-Mar-2025 12:41:48.358 INFO [Thread-1] org.apache.coyote.AbstractProtocol.pause Le gestionnaire de protocole ["http-nio-8090"] est mis en pause
04-Mar-2025 12:41:48.370 INFO [Thread-1] org.apache.catalina.core.StandardService.stopInternal Arrêt du service [Catalina]
04-Mar-2025 12:41:48.393 INFO [Thread-1] org.apache.coyote.AbstractProtocol.stop Arrêt du gestionnaire de protocole ["http-nio-8090"]
04-Mar-2025 12:41:48.401 INFO [Thread-1] org.apache.coyote.AbstractProtocol.destroy Destruction du gestionnaire de protocole ["http-nio-8090"]
04-Mar-2025 12:58:47.907 INFO [main] org.apache.catalina.startup.VersionLoggerListener.log Nom version serveur :              Apache Tomcat/9.0.99
04-Mar-2025 12:58:47.912 INFO [main] org.apache.catalina.startup.VersionLoggerListener.log Serveur compilé :                  Feb 4 2025 20:08:08 UTC
04-Mar-2025 12:58:47.912 INFO [main] org.apache.catalina.startup.VersionLoggerListener.log Version du serveur :               9.0.99.0
04-Mar-2025 12:58:47.912 INFO [main] org.apache.catalina.startup.VersionLoggerListener.log Nom de l'OS :                      Windows 11
04-Mar-2025 12:58:47.912 INFO [main] org.apache.catalina.startup.VersionLoggerListener.log Version OS :                       10.0
04-Mar-2025 12:58:47.912 INFO [main] org.apache.catalina.startup.VersionLoggerListener.log Architecture :                     amd64
04-Mar-2025 12:58:47.912 INFO [main] org.apache.catalina.startup.VersionLoggerListener.log Java Home :                        C:\Users\abrad\.jdks\openjdk-23.0.1
04-Mar-2025 12:58:47.913 INFO [main] org.apache.catalina.startup.VersionLoggerListener.log Version JVM :                      23.0.1+11-39
04-Mar-2025 12:58:47.913 INFO [main] org.apache.catalina.startup.VersionLoggerListener.log Fournisseur de la JVM :            Oracle Corporation
04-Mar-2025 12:58:47.913 INFO [main] org.apache.catalina.startup.VersionLoggerListener.log CATALINA_BASE :                    C:\Users\abrad\OneDrive\Bureau\ENAA\Demandez-Rendez-vous2
04-Mar-2025 12:58:47.913 INFO [main] org.apache.catalina.startup.VersionLoggerListener.log CATALINA_HOME :                    C:\Program Files\Apache Software Foundation\Tomcat 9.0
04-Mar-2025 12:58:47.919 INFO [main] org.apache.catalina.startup.VersionLoggerListener.log Argument de la ligne de commande : --add-opens=java.base/java.lang=ALL-UNNAMED
04-Mar-2025 12:58:47.919 INFO [main] org.apache.catalina.startup.VersionLoggerListener.log Argument de la ligne de commande : --add-opens=java.base/java.io=ALL-UNNAMED
04-Mar-2025 12:58:47.920 INFO [main] org.apache.catalina.startup.VersionLoggerListener.log Argument de la ligne de commande : --add-opens=java.base/java.util=ALL-UNNAMED
04-Mar-2025 12:58:47.920 INFO [main] org.apache.catalina.startup.VersionLoggerListener.log Argument de la ligne de commande : --add-opens=java.base/java.util.concurrent=ALL-UNNAMED
04-Mar-2025 12:58:47.920 INFO [main] org.apache.catalina.startup.VersionLoggerListener.log Argument de la ligne de commande : --add-opens=java.rmi/sun.rmi.transport=ALL-UNNAMED
04-Mar-2025 12:58:47.920 INFO [main] org.apache.catalina.startup.VersionLoggerListener.log Argument de la ligne de commande : -Dcatalina.home=C:\Program Files\Apache Software Foundation\Tomcat 9.0
04-Mar-2025 12:58:47.920 INFO [main] org.apache.catalina.startup.VersionLoggerListener.log Argument de la ligne de commande : -Dcatalina.base=C:\Users\abrad\OneDrive\Bureau\ENAA\Demandez-Rendez-vous2
04-Mar-2025 12:58:47.920 INFO [main] org.apache.catalina.startup.VersionLoggerListener.log Argument de la ligne de commande : -Djava.io.tmpdir=C:\Users\abrad\OneDrive\Bureau\ENAA\Demandez-Rendez-vous2\temp
04-Mar-2025 12:58:47.920 INFO [main] org.apache.catalina.startup.VersionLoggerListener.log Argument de la ligne de commande : -Djava.util.logging.config.file=C:\Users\abrad\OneDrive\Bureau\ENAA\Demandez-Rendez-vous2\conf\logging.properties
04-Mar-2025 12:58:47.920 INFO [main] org.apache.catalina.startup.VersionLoggerListener.log Argument de la ligne de commande : -Djava.util.logging.manager=org.apache.juli.ClassLoaderLogManager
04-Mar-2025 12:58:47.921 INFO [main] org.apache.catalina.startup.VersionLoggerListener.log Argument de la ligne de commande : -javaagent:C:\Program Files\JetBrains\IntelliJ IDEA Community Edition 2024.3.1\lib\idea_rt.jar=50437:C:\Program Files\JetBrains\IntelliJ IDEA Community Edition 2024.3.1\bin
04-Mar-2025 12:58:47.921 INFO [main] org.apache.catalina.startup.VersionLoggerListener.log Argument de la ligne de commande : -Dfile.encoding=UTF-8
04-Mar-2025 12:58:47.921 INFO [main] org.apache.catalina.startup.VersionLoggerListener.log Argument de la ligne de commande : -Dsun.stdout.encoding=UTF-8
04-Mar-2025 12:58:47.921 INFO [main] org.apache.catalina.startup.VersionLoggerListener.log Argument de la ligne de commande : -Dsun.stderr.encoding=UTF-8
04-Mar-2025 12:58:47.925 INFO [main] org.apache.catalina.core.AprLifecycleListener.lifecycleEvent La librairie Apache Tomcat Native basée sur APR qui permet des performances optimales dans les environnements de production n'a pas été trouvée sur le java.library.path : [C:\Users\abrad\.jdks\openjdk-23.0.1\bin;C:\WINDOWS\Sun\Java\bin;C:\WINDOWS\system32;C:\WINDOWS;C:\Program Files\Common Files\Oracle\Java\javapath;C:\WINDOWS\system32;C:\WINDOWS;C:\WINDOWS\System32\Wbem;C:\WINDOWS\System32\WindowsPowerShell\v1.0\;C:\WINDOWS\System32\OpenSSH\;C:\MinGW\bin;C:\Program Files\Git\cmd;C:\Program Files\Java\jdk-23\bin;C:\Users\abrad\AppData\Local\Microsoft\WindowsApps;C:\Users\abrad\AppData\Local\Programs\Microsoft VS Code\bin;C:\MinGW\bin;;C:\Program Files\JetBrains\IntelliJ IDEA 2024.3.1\bin;;C:\Users\abrad\AppData\Local\JetBrains\IntelliJ IDEA Community Edition 2024.3.1\bin;;.]
04-Mar-2025 12:58:48.260 INFO [main] org.apache.coyote.AbstractProtocol.init Initialisation du gestionnaire de protocole ["http-nio-8090"]
04-Mar-2025 12:58:48.275 INFO [main] org.apache.catalina.startup.Catalina.load L'initialisation du serveur a pris [586] millisecondes
04-Mar-2025 12:58:48.323 INFO [main] org.apache.catalina.core.StandardService.startInternal Démarrage du service [Catalina]
04-Mar-2025 12:58:48.323 INFO [main] org.apache.catalina.core.StandardEngine.startInternal Démarrage du moteur de Servlets : [Apache Tomcat/9.0.99]
04-Mar-2025 12:58:48.333 INFO [main] org.apache.catalina.startup.HostConfig.deployDescriptor Déploiement du descripteur de configuration [C:\Users\abrad\OneDrive\Bureau\ENAA\Demandez-Rendez-vous2\conf\Catalina\localhost\Demandez-Rendez-vous2.xml]
04-Mar-2025 12:58:48.535 WARNING [main] org.apache.tomcat.util.descriptor.web.WebXml.setVersion Version [6.0] inconnue, utilisation de la version par défaut
04-Mar-2025 12:58:49.224 INFO [main] org.apache.jasper.servlet.TldScanner.scanJars Au moins un fichier JAR a été analysé pour trouver des TLDs mais il n'en contenait pas, le mode "debug" du journal peut être activé pour obtenir une liste complète de JAR scannés sans succès ; éviter d'analyser des JARs inutilement peut améliorer sensiblement le temps de démarrage et le temps de compilation des JSPs
04-Mar-2025 12:58:49.307 INFO [main] org.apache.catalina.startup.HostConfig.deployDescriptor Le traitement du descripteur de déploiement [C:\Users\abrad\OneDrive\Bureau\ENAA\Demandez-Rendez-vous2\conf\Catalina\localhost\Demandez-Rendez-vous2.xml] a pris [972] ms
04-Mar-2025 12:58:49.310 INFO [main] org.apache.coyote.AbstractProtocol.start Démarrage du gestionnaire de protocole ["http-nio-8090"]
04-Mar-2025 12:58:49.327 INFO [main] org.apache.catalina.startup.Catalina.start Le démarrage du serveur a pris [1050] millisecondes
04-Mar-2025 13:49:52.139 INFO [Thread-1] org.apache.coyote.AbstractProtocol.pause Le gestionnaire de protocole ["http-nio-8090"] est mis en pause
04-Mar-2025 13:49:52.145 INFO [Thread-1] org.apache.catalina.core.StandardService.stopInternal Arrêt du service [Catalina]
04-Mar-2025 13:49:52.155 INFO [Thread-1] org.apache.coyote.AbstractProtocol.stop Arrêt du gestionnaire de protocole ["http-nio-8090"]
04-Mar-2025 13:49:52.158 INFO [Thread-1] org.apache.coyote.AbstractProtocol.destroy Destruction du gestionnaire de protocole ["http-nio-8090"]
04-Mar-2025 13:49:54.798 INFO [main] org.apache.catalina.startup.VersionLoggerListener.log Nom version serveur :              Apache Tomcat/9.0.99
04-Mar-2025 13:49:54.801 INFO [main] org.apache.catalina.startup.VersionLoggerListener.log Serveur compilé :                  Feb 4 2025 20:08:08 UTC
04-Mar-2025 13:49:54.802 INFO [main] org.apache.catalina.startup.VersionLoggerListener.log Version du serveur :               9.0.99.0
04-Mar-2025 13:49:54.802 INFO [main] org.apache.catalina.startup.VersionLoggerListener.log Nom de l'OS :                      Windows 11
04-Mar-2025 13:49:54.802 INFO [main] org.apache.catalina.startup.VersionLoggerListener.log Version OS :                       10.0
04-Mar-2025 13:49:54.802 INFO [main] org.apache.catalina.startup.VersionLoggerListener.log Architecture :                     amd64
04-Mar-2025 13:49:54.803 INFO [main] org.apache.catalina.startup.VersionLoggerListener.log Java Home :                        C:\Users\abrad\.jdks\openjdk-23.0.1
04-Mar-2025 13:49:54.803 INFO [main] org.apache.catalina.startup.VersionLoggerListener.log Version JVM :                      23.0.1+11-39
04-Mar-2025 13:49:54.803 INFO [main] org.apache.catalina.startup.VersionLoggerListener.log Fournisseur de la JVM :            Oracle Corporation
04-Mar-2025 13:49:54.803 INFO [main] org.apache.catalina.startup.VersionLoggerListener.log CATALINA_BASE :                    C:\Users\abrad\OneDrive\Bureau\ENAA\Demandez-Rendez-vous2
04-Mar-2025 13:49:54.803 INFO [main] org.apache.catalina.startup.VersionLoggerListener.log CATALINA_HOME :                    C:\Program Files\Apache Software Foundation\Tomcat 9.0
04-Mar-2025 13:49:54.811 INFO [main] org.apache.catalina.startup.VersionLoggerListener.log Argument de la ligne de commande : --add-opens=java.base/java.lang=ALL-UNNAMED
04-Mar-2025 13:49:54.812 INFO [main] org.apache.catalina.startup.VersionLoggerListener.log Argument de la ligne de commande : --add-opens=java.base/java.io=ALL-UNNAMED
04-Mar-2025 13:49:54.812 INFO [main] org.apache.catalina.startup.VersionLoggerListener.log Argument de la ligne de commande : --add-opens=java.base/java.util=ALL-UNNAMED
04-Mar-2025 13:49:54.812 INFO [main] org.apache.catalina.startup.VersionLoggerListener.log Argument de la ligne de commande : --add-opens=java.base/java.util.concurrent=ALL-UNNAMED
04-Mar-2025 13:49:54.812 INFO [main] org.apache.catalina.startup.VersionLoggerListener.log Argument de la ligne de commande : --add-opens=java.rmi/sun.rmi.transport=ALL-UNNAMED
04-Mar-2025 13:49:54.812 INFO [main] org.apache.catalina.startup.VersionLoggerListener.log Argument de la ligne de commande : -Dcatalina.home=C:\Program Files\Apache Software Foundation\Tomcat 9.0
04-Mar-2025 13:49:54.812 INFO [main] org.apache.catalina.startup.VersionLoggerListener.log Argument de la ligne de commande : -Dcatalina.base=C:\Users\abrad\OneDrive\Bureau\ENAA\Demandez-Rendez-vous2
04-Mar-2025 13:49:54.813 INFO [main] org.apache.catalina.startup.VersionLoggerListener.log Argument de la ligne de commande : -Djava.io.tmpdir=C:\Users\abrad\OneDrive\Bureau\ENAA\Demandez-Rendez-vous2\temp
04-Mar-2025 13:49:54.813 INFO [main] org.apache.catalina.startup.VersionLoggerListener.log Argument de la ligne de commande : -Djava.util.logging.config.file=C:\Users\abrad\OneDrive\Bureau\ENAA\Demandez-Rendez-vous2\conf\logging.properties
04-Mar-2025 13:49:54.813 INFO [main] org.apache.catalina.startup.VersionLoggerListener.log Argument de la ligne de commande : -Djava.util.logging.manager=org.apache.juli.ClassLoaderLogManager
04-Mar-2025 13:49:54.813 INFO [main] org.apache.catalina.startup.VersionLoggerListener.log Argument de la ligne de commande : -javaagent:C:\Program Files\JetBrains\IntelliJ IDEA Community Edition 2024.3.1\lib\idea_rt.jar=54900:C:\Program Files\JetBrains\IntelliJ IDEA Community Edition 2024.3.1\bin
04-Mar-2025 13:49:54.813 INFO [main] org.apache.catalina.startup.VersionLoggerListener.log Argument de la ligne de commande : -Dfile.encoding=UTF-8
04-Mar-2025 13:49:54.813 INFO [main] org.apache.catalina.startup.VersionLoggerListener.log Argument de la ligne de commande : -Dsun.stdout.encoding=UTF-8
04-Mar-2025 13:49:54.813 INFO [main] org.apache.catalina.startup.VersionLoggerListener.log Argument de la ligne de commande : -Dsun.stderr.encoding=UTF-8
04-Mar-2025 13:49:54.820 INFO [main] org.apache.catalina.core.AprLifecycleListener.lifecycleEvent La librairie Apache Tomcat Native basée sur APR qui permet des performances optimales dans les environnements de production n'a pas été trouvée sur le java.library.path : [C:\Users\abrad\.jdks\openjdk-23.0.1\bin;C:\WINDOWS\Sun\Java\bin;C:\WINDOWS\system32;C:\WINDOWS;C:\Program Files\Common Files\Oracle\Java\javapath;C:\WINDOWS\system32;C:\WINDOWS;C:\WINDOWS\System32\Wbem;C:\WINDOWS\System32\WindowsPowerShell\v1.0\;C:\WINDOWS\System32\OpenSSH\;C:\MinGW\bin;C:\Program Files\Git\cmd;C:\Program Files\Java\jdk-23\bin;C:\Users\abrad\AppData\Local\Microsoft\WindowsApps;C:\Users\abrad\AppData\Local\Programs\Microsoft VS Code\bin;C:\MinGW\bin;;C:\Program Files\JetBrains\IntelliJ IDEA 2024.3.1\bin;;C:\Users\abrad\AppData\Local\JetBrains\IntelliJ IDEA Community Edition 2024.3.1\bin;;.]
04-Mar-2025 13:49:55.159 INFO [main] org.apache.coyote.AbstractProtocol.init Initialisation du gestionnaire de protocole ["http-nio-8090"]
04-Mar-2025 13:49:55.174 INFO [main] org.apache.catalina.startup.Catalina.load L'initialisation du serveur a pris [603] millisecondes
04-Mar-2025 13:49:55.233 INFO [main] org.apache.catalina.core.StandardService.startInternal Démarrage du service [Catalina]
04-Mar-2025 13:49:55.233 INFO [main] org.apache.catalina.core.StandardEngine.startInternal Démarrage du moteur de Servlets : [Apache Tomcat/9.0.99]
04-Mar-2025 13:49:55.247 INFO [main] org.apache.catalina.startup.HostConfig.deployDescriptor Déploiement du descripteur de configuration [C:\Users\abrad\OneDrive\Bureau\ENAA\Demandez-Rendez-vous2\conf\Catalina\localhost\Demandez-Rendez-vous2.xml]
04-Mar-2025 13:49:55.459 WARNING [main] org.apache.tomcat.util.descriptor.web.WebXml.setVersion Version [6.0] inconnue, utilisation de la version par défaut
04-Mar-2025 13:49:56.132 INFO [main] org.apache.jasper.servlet.TldScanner.scanJars Au moins un fichier JAR a été analysé pour trouver des TLDs mais il n'en contenait pas, le mode "debug" du journal peut être activé pour obtenir une liste complète de JAR scannés sans succès ; éviter d'analyser des JARs inutilement peut améliorer sensiblement le temps de démarrage et le temps de compilation des JSPs
04-Mar-2025 13:49:56.186 INFO [main] org.apache.catalina.startup.HostConfig.deployDescriptor Le traitement du descripteur de déploiement [C:\Users\abrad\OneDrive\Bureau\ENAA\Demandez-Rendez-vous2\conf\Catalina\localhost\Demandez-Rendez-vous2.xml] a pris [936] ms
04-Mar-2025 13:49:56.189 INFO [main] org.apache.coyote.AbstractProtocol.start Démarrage du gestionnaire de protocole ["http-nio-8090"]
04-Mar-2025 13:49:56.206 INFO [main] org.apache.catalina.startup.Catalina.start Le démarrage du serveur a pris [1030] millisecondes
04-Mar-2025 13:52:58.049 INFO [Thread-1] org.apache.coyote.AbstractProtocol.pause Le gestionnaire de protocole ["http-nio-8090"] est mis en pause
04-Mar-2025 13:52:58.054 INFO [Thread-1] org.apache.catalina.core.StandardService.stopInternal Arrêt du service [Catalina]
04-Mar-2025 13:52:58.068 INFO [Thread-1] org.apache.coyote.AbstractProtocol.stop Arrêt du gestionnaire de protocole ["http-nio-8090"]
04-Mar-2025 13:52:58.084 INFO [Thread-1] org.apache.coyote.AbstractProtocol.destroy Destruction du gestionnaire de protocole ["http-nio-8090"]
04-Mar-2025 13:53:00.862 INFO [main] org.apache.catalina.startup.VersionLoggerListener.log Nom version serveur :              Apache Tomcat/9.0.99
04-Mar-2025 13:53:00.865 INFO [main] org.apache.catalina.startup.VersionLoggerListener.log Serveur compilé :                  Feb 4 2025 20:08:08 UTC
04-Mar-2025 13:53:00.865 INFO [main] org.apache.catalina.startup.VersionLoggerListener.log Version du serveur :               9.0.99.0
04-Mar-2025 13:53:00.865 INFO [main] org.apache.catalina.startup.VersionLoggerListener.log Nom de l'OS :                      Windows 11
04-Mar-2025 13:53:00.865 INFO [main] org.apache.catalina.startup.VersionLoggerListener.log Version OS :                       10.0
04-Mar-2025 13:53:00.865 INFO [main] org.apache.catalina.startup.VersionLoggerListener.log Architecture :                     amd64
04-Mar-2025 13:53:00.865 INFO [main] org.apache.catalina.startup.VersionLoggerListener.log Java Home :                        C:\Users\abrad\.jdks\openjdk-23.0.1
04-Mar-2025 13:53:00.865 INFO [main] org.apache.catalina.startup.VersionLoggerListener.log Version JVM :                      23.0.1+11-39
04-Mar-2025 13:53:00.866 INFO [main] org.apache.catalina.startup.VersionLoggerListener.log Fournisseur de la JVM :            Oracle Corporation
04-Mar-2025 13:53:00.866 INFO [main] org.apache.catalina.startup.VersionLoggerListener.log CATALINA_BASE :                    C:\Users\abrad\OneDrive\Bureau\ENAA\Demandez-Rendez-vous2
04-Mar-2025 13:53:00.866 INFO [main] org.apache.catalina.startup.VersionLoggerListener.log CATALINA_HOME :                    C:\Program Files\Apache Software Foundation\Tomcat 9.0
04-Mar-2025 13:53:00.873 INFO [main] org.apache.catalina.startup.VersionLoggerListener.log Argument de la ligne de commande : --add-opens=java.base/java.lang=ALL-UNNAMED
04-Mar-2025 13:53:00.873 INFO [main] org.apache.catalina.startup.VersionLoggerListener.log Argument de la ligne de commande : --add-opens=java.base/java.io=ALL-UNNAMED
04-Mar-2025 13:53:00.873 INFO [main] org.apache.catalina.startup.VersionLoggerListener.log Argument de la ligne de commande : --add-opens=java.base/java.util=ALL-UNNAMED
04-Mar-2025 13:53:00.873 INFO [main] org.apache.catalina.startup.VersionLoggerListener.log Argument de la ligne de commande : --add-opens=java.base/java.util.concurrent=ALL-UNNAMED
04-Mar-2025 13:53:00.873 INFO [main] org.apache.catalina.startup.VersionLoggerListener.log Argument de la ligne de commande : --add-opens=java.rmi/sun.rmi.transport=ALL-UNNAMED
04-Mar-2025 13:53:00.873 INFO [main] org.apache.catalina.startup.VersionLoggerListener.log Argument de la ligne de commande : -Dcatalina.home=C:\Program Files\Apache Software Foundation\Tomcat 9.0
04-Mar-2025 13:53:00.873 INFO [main] org.apache.catalina.startup.VersionLoggerListener.log Argument de la ligne de commande : -Dcatalina.base=C:\Users\abrad\OneDrive\Bureau\ENAA\Demandez-Rendez-vous2
04-Mar-2025 13:53:00.873 INFO [main] org.apache.catalina.startup.VersionLoggerListener.log Argument de la ligne de commande : -Djava.io.tmpdir=C:\Users\abrad\OneDrive\Bureau\ENAA\Demandez-Rendez-vous2\temp
04-Mar-2025 13:53:00.874 INFO [main] org.apache.catalina.startup.VersionLoggerListener.log Argument de la ligne de commande : -Djava.util.logging.config.file=C:\Users\abrad\OneDrive\Bureau\ENAA\Demandez-Rendez-vous2\conf\logging.properties
04-Mar-2025 13:53:00.874 INFO [main] org.apache.catalina.startup.VersionLoggerListener.log Argument de la ligne de commande : -Djava.util.logging.manager=org.apache.juli.ClassLoaderLogManager
04-Mar-2025 13:53:00.874 INFO [main] org.apache.catalina.startup.VersionLoggerListener.log Argument de la ligne de commande : -javaagent:C:\Program Files\JetBrains\IntelliJ IDEA Community Edition 2024.3.1\lib\idea_rt.jar=54912:C:\Program Files\JetBrains\IntelliJ IDEA Community Edition 2024.3.1\bin
04-Mar-2025 13:53:00.874 INFO [main] org.apache.catalina.startup.VersionLoggerListener.log Argument de la ligne de commande : -Dfile.encoding=UTF-8
04-Mar-2025 13:53:00.874 INFO [main] org.apache.catalina.startup.VersionLoggerListener.log Argument de la ligne de commande : -Dsun.stdout.encoding=UTF-8
04-Mar-2025 13:53:00.874 INFO [main] org.apache.catalina.startup.VersionLoggerListener.log Argument de la ligne de commande : -Dsun.stderr.encoding=UTF-8
04-Mar-2025 13:53:00.878 INFO [main] org.apache.catalina.core.AprLifecycleListener.lifecycleEvent La librairie Apache Tomcat Native basée sur APR qui permet des performances optimales dans les environnements de production n'a pas été trouvée sur le java.library.path : [C:\Users\abrad\.jdks\openjdk-23.0.1\bin;C:\WINDOWS\Sun\Java\bin;C:\WINDOWS\system32;C:\WINDOWS;C:\Program Files\Common Files\Oracle\Java\javapath;C:\WINDOWS\system32;C:\WINDOWS;C:\WINDOWS\System32\Wbem;C:\WINDOWS\System32\WindowsPowerShell\v1.0\;C:\WINDOWS\System32\OpenSSH\;C:\MinGW\bin;C:\Program Files\Git\cmd;C:\Program Files\Java\jdk-23\bin;C:\Users\abrad\AppData\Local\Microsoft\WindowsApps;C:\Users\abrad\AppData\Local\Programs\Microsoft VS Code\bin;C:\MinGW\bin;;C:\Program Files\JetBrains\IntelliJ IDEA 2024.3.1\bin;;C:\Users\abrad\AppData\Local\JetBrains\IntelliJ IDEA Community Edition 2024.3.1\bin;;.]
04-Mar-2025 13:53:01.220 INFO [main] org.apache.coyote.AbstractProtocol.init Initialisation du gestionnaire de protocole ["http-nio-8090"]
04-Mar-2025 13:53:01.236 INFO [main] org.apache.catalina.startup.Catalina.load L'initialisation du serveur a pris [596] millisecondes
04-Mar-2025 13:53:01.297 INFO [main] org.apache.catalina.core.StandardService.startInternal Démarrage du service [Catalina]
04-Mar-2025 13:53:01.297 INFO [main] org.apache.catalina.core.StandardEngine.startInternal Démarrage du moteur de Servlets : [Apache Tomcat/9.0.99]
04-Mar-2025 13:53:01.305 INFO [main] org.apache.catalina.startup.HostConfig.deployDescriptor Déploiement du descripteur de configuration [C:\Users\abrad\OneDrive\Bureau\ENAA\Demandez-Rendez-vous2\conf\Catalina\localhost\Demandez-Rendez-vous2.xml]
04-Mar-2025 13:53:01.513 WARNING [main] org.apache.tomcat.util.descriptor.web.WebXml.setVersion Version [6.0] inconnue, utilisation de la version par défaut
04-Mar-2025 13:53:02.223 INFO [main] org.apache.jasper.servlet.TldScanner.scanJars Au moins un fichier JAR a été analysé pour trouver des TLDs mais il n'en contenait pas, le mode "debug" du journal peut être activé pour obtenir une liste complète de JAR scannés sans succès ; éviter d'analyser des JARs inutilement peut améliorer sensiblement le temps de démarrage et le temps de compilation des JSPs
04-Mar-2025 13:53:02.302 INFO [main] org.apache.catalina.startup.HostConfig.deployDescriptor Le traitement du descripteur de déploiement [C:\Users\abrad\OneDrive\Bureau\ENAA\Demandez-Rendez-vous2\conf\Catalina\localhost\Demandez-Rendez-vous2.xml] a pris [995] ms
04-Mar-2025 13:53:02.304 INFO [main] org.apache.coyote.AbstractProtocol.start Démarrage du gestionnaire de protocole ["http-nio-8090"]
04-Mar-2025 13:53:02.321 INFO [main] org.apache.catalina.startup.Catalina.start Le démarrage du serveur a pris [1083] millisecondes
04-Mar-2025 13:54:25.726 INFO [Thread-1] org.apache.coyote.AbstractProtocol.pause Le gestionnaire de protocole ["http-nio-8090"] est mis en pause
04-Mar-2025 13:54:25.733 INFO [Thread-1] org.apache.catalina.core.StandardService.stopInternal Arrêt du service [Catalina]
04-Mar-2025 13:54:25.741 INFO [Thread-1] org.apache.coyote.AbstractProtocol.stop Arrêt du gestionnaire de protocole ["http-nio-8090"]
04-Mar-2025 13:54:25.744 INFO [Thread-1] org.apache.coyote.AbstractProtocol.destroy Destruction du gestionnaire de protocole ["http-nio-8090"]
04-Mar-2025 13:54:27.937 INFO [main] org.apache.catalina.startup.VersionLoggerListener.log Nom version serveur :              Apache Tomcat/9.0.99
04-Mar-2025 13:54:27.939 INFO [main] org.apache.catalina.startup.VersionLoggerListener.log Serveur compilé :                  Feb 4 2025 20:08:08 UTC
04-Mar-2025 13:54:27.940 INFO [main] org.apache.catalina.startup.VersionLoggerListener.log Version du serveur :               9.0.99.0
04-Mar-2025 13:54:27.940 INFO [main] org.apache.catalina.startup.VersionLoggerListener.log Nom de l'OS :                      Windows 11
04-Mar-2025 13:54:27.940 INFO [main] org.apache.catalina.startup.VersionLoggerListener.log Version OS :                       10.0
04-Mar-2025 13:54:27.940 INFO [main] org.apache.catalina.startup.VersionLoggerListener.log Architecture :                     amd64
04-Mar-2025 13:54:27.940 INFO [main] org.apache.catalina.startup.VersionLoggerListener.log Java Home :                        C:\Users\abrad\.jdks\openjdk-23.0.1
04-Mar-2025 13:54:27.940 INFO [main] org.apache.catalina.startup.VersionLoggerListener.log Version JVM :                      23.0.1+11-39
04-Mar-2025 13:54:27.940 INFO [main] org.apache.catalina.startup.VersionLoggerListener.log Fournisseur de la JVM :            Oracle Corporation
04-Mar-2025 13:54:27.940 INFO [main] org.apache.catalina.startup.VersionLoggerListener.log CATALINA_BASE :                    C:\Users\abrad\OneDrive\Bureau\ENAA\Demandez-Rendez-vous2
04-Mar-2025 13:54:27.940 INFO [main] org.apache.catalina.startup.VersionLoggerListener.log CATALINA_HOME :                    C:\Program Files\Apache Software Foundation\Tomcat 9.0
04-Mar-2025 13:54:27.949 INFO [main] org.apache.catalina.startup.VersionLoggerListener.log Argument de la ligne de commande : --add-opens=java.base/java.lang=ALL-UNNAMED
04-Mar-2025 13:54:27.950 INFO [main] org.apache.catalina.startup.VersionLoggerListener.log Argument de la ligne de commande : --add-opens=java.base/java.io=ALL-UNNAMED
04-Mar-2025 13:54:27.950 INFO [main] org.apache.catalina.startup.VersionLoggerListener.log Argument de la ligne de commande : --add-opens=java.base/java.util=ALL-UNNAMED
04-Mar-2025 13:54:27.950 INFO [main] org.apache.catalina.startup.VersionLoggerListener.log Argument de la ligne de commande : --add-opens=java.base/java.util.concurrent=ALL-UNNAMED
04-Mar-2025 13:54:27.950 INFO [main] org.apache.catalina.startup.VersionLoggerListener.log Argument de la ligne de commande : --add-opens=java.rmi/sun.rmi.transport=ALL-UNNAMED
04-Mar-2025 13:54:27.950 INFO [main] org.apache.catalina.startup.VersionLoggerListener.log Argument de la ligne de commande : -Dcatalina.home=C:\Program Files\Apache Software Foundation\Tomcat 9.0
04-Mar-2025 13:54:27.950 INFO [main] org.apache.catalina.startup.VersionLoggerListener.log Argument de la ligne de commande : -Dcatalina.base=C:\Users\abrad\OneDrive\Bureau\ENAA\Demandez-Rendez-vous2
04-Mar-2025 13:54:27.950 INFO [main] org.apache.catalina.startup.VersionLoggerListener.log Argument de la ligne de commande : -Djava.io.tmpdir=C:\Users\abrad\OneDrive\Bureau\ENAA\Demandez-Rendez-vous2\temp
04-Mar-2025 13:54:27.950 INFO [main] org.apache.catalina.startup.VersionLoggerListener.log Argument de la ligne de commande : -Djava.util.logging.config.file=C:\Users\abrad\OneDrive\Bureau\ENAA\Demandez-Rendez-vous2\conf\logging.properties
04-Mar-2025 13:54:27.950 INFO [main] org.apache.catalina.startup.VersionLoggerListener.log Argument de la ligne de commande : -Djava.util.logging.manager=org.apache.juli.ClassLoaderLogManager
04-Mar-2025 13:54:27.950 INFO [main] org.apache.catalina.startup.VersionLoggerListener.log Argument de la ligne de commande : -javaagent:C:\Program Files\JetBrains\IntelliJ IDEA Community Edition 2024.3.1\lib\idea_rt.jar=54919:C:\Program Files\JetBrains\IntelliJ IDEA Community Edition 2024.3.1\bin
04-Mar-2025 13:54:27.950 INFO [main] org.apache.catalina.startup.VersionLoggerListener.log Argument de la ligne de commande : -Dfile.encoding=UTF-8
04-Mar-2025 13:54:27.950 INFO [main] org.apache.catalina.startup.VersionLoggerListener.log Argument de la ligne de commande : -Dsun.stdout.encoding=UTF-8
04-Mar-2025 13:54:27.950 INFO [main] org.apache.catalina.startup.VersionLoggerListener.log Argument de la ligne de commande : -Dsun.stderr.encoding=UTF-8
04-Mar-2025 13:54:27.955 INFO [main] org.apache.catalina.core.AprLifecycleListener.lifecycleEvent La librairie Apache Tomcat Native basée sur APR qui permet des performances optimales dans les environnements de production n'a pas été trouvée sur le java.library.path : [C:\Users\abrad\.jdks\openjdk-23.0.1\bin;C:\WINDOWS\Sun\Java\bin;C:\WINDOWS\system32;C:\WINDOWS;C:\Program Files\Common Files\Oracle\Java\javapath;C:\WINDOWS\system32;C:\WINDOWS;C:\WINDOWS\System32\Wbem;C:\WINDOWS\System32\WindowsPowerShell\v1.0\;C:\WINDOWS\System32\OpenSSH\;C:\MinGW\bin;C:\Program Files\Git\cmd;C:\Program Files\Java\jdk-23\bin;C:\Users\abrad\AppData\Local\Microsoft\WindowsApps;C:\Users\abrad\AppData\Local\Programs\Microsoft VS Code\bin;C:\MinGW\bin;;C:\Program Files\JetBrains\IntelliJ IDEA 2024.3.1\bin;;C:\Users\abrad\AppData\Local\JetBrains\IntelliJ IDEA Community Edition 2024.3.1\bin;;.]
04-Mar-2025 13:54:28.291 INFO [main] org.apache.coyote.AbstractProtocol.init Initialisation du gestionnaire de protocole ["http-nio-8090"]
04-Mar-2025 13:54:28.306 INFO [main] org.apache.catalina.startup.Catalina.load L'initialisation du serveur a pris [579] millisecondes
04-Mar-2025 13:54:28.372 INFO [main] org.apache.catalina.core.StandardService.startInternal Démarrage du service [Catalina]
04-Mar-2025 13:54:28.372 INFO [main] org.apache.catalina.core.StandardEngine.startInternal Démarrage du moteur de Servlets : [Apache Tomcat/9.0.99]
04-Mar-2025 13:54:28.381 INFO [main] org.apache.catalina.startup.HostConfig.deployDescriptor Déploiement du descripteur de configuration [C:\Users\abrad\OneDrive\Bureau\ENAA\Demandez-Rendez-vous2\conf\Catalina\localhost\Demandez-Rendez-vous2.xml]
04-Mar-2025 13:54:28.564 WARNING [main] org.apache.tomcat.util.descriptor.web.WebXml.setVersion Version [6.0] inconnue, utilisation de la version par défaut
04-Mar-2025 13:54:29.192 INFO [main] org.apache.jasper.servlet.TldScanner.scanJars Au moins un fichier JAR a été analysé pour trouver des TLDs mais il n'en contenait pas, le mode "debug" du journal peut être activé pour obtenir une liste complète de JAR scannés sans succès ; éviter d'analyser des JARs inutilement peut améliorer sensiblement le temps de démarrage et le temps de compilation des JSPs
04-Mar-2025 13:54:29.270 INFO [main] org.apache.catalina.startup.HostConfig.deployDescriptor Le traitement du descripteur de déploiement [C:\Users\abrad\OneDrive\Bureau\ENAA\Demandez-Rendez-vous2\conf\Catalina\localhost\Demandez-Rendez-vous2.xml] a pris [887] ms
04-Mar-2025 13:54:29.274 INFO [main] org.apache.coyote.AbstractProtocol.start Démarrage du gestionnaire de protocole ["http-nio-8090"]
04-Mar-2025 13:54:29.291 INFO [main] org.apache.catalina.startup.Catalina.start Le démarrage du serveur a pris [983] millisecondes
