05-Mar-2025 11:23:22.761 INFO [Thread-1] org.apache.coyote.AbstractProtocol.pause Le gestionnaire de protocole ["http-nio-8090"] est mis en pause
05-Mar-2025 11:23:22.785 INFO [Thread-1] org.apache.catalina.core.StandardService.stopInternal Arrêt du service [Catalina]
05-Mar-2025 11:23:22.824 WARNING [Thread-1] org.apache.catalina.loader.WebappClassLoaderBase.clearReferencesJdbc L'application web [Demandez-Rendez-vous2] a enregistré un pilote JDBC [com.mysql.cj.jdbc.Driver], mais ne l'a pas désenregistré avant l'arrêt de l'application.  Pour éviter une fuite de mémoire, le pilote JDBC a été désenregistré de force.
05-Mar-2025 11:23:22.825 WARNING [Thread-1] org.apache.catalina.loader.WebappClassLoaderBase.clearReferencesThreads L'application web [Demandez-Rendez-vous2] semble avoir démarré un thread nommé [mysql-cj-abandoned-connection-cleanup] mais ne l'a pas arrêté, ce qui va probablement créer une fuite de mémoire ; la trace du thread est : 
 java.base/jdk.internal.misc.Unsafe.park(Native Method)
 java.base/java.util.concurrent.locks.LockSupport.parkNanos(LockSupport.java:269)
 java.base/java.util.concurrent.locks.AbstractQueuedSynchronizer$ConditionObject.await(AbstractQueuedSynchronizer.java:1852)
 java.base/java.lang.ref.ReferenceQueue.await(ReferenceQueue.java:79)
 java.base/java.lang.ref.ReferenceQueue.remove0(ReferenceQueue.java:151)
 java.base/java.lang.ref.ReferenceQueue.remove(ReferenceQueue.java:229)
 com.mysql.cj.jdbc.AbandonedConnectionCleanupThread.run(AbandonedConnectionCleanupThread.java:84)
 java.base/java.util.concurrent.ThreadPoolExecutor.runWorker(ThreadPoolExecutor.java:1144)
 java.base/java.util.concurrent.ThreadPoolExecutor$Worker.run(ThreadPoolExecutor.java:642)
 java.base/java.lang.Thread.run(Thread.java:1575)
05-Mar-2025 11:23:22.847 INFO [Thread-1] org.apache.coyote.AbstractProtocol.stop Arrêt du gestionnaire de protocole ["http-nio-8090"]
05-Mar-2025 11:23:22.855 INFO [Thread-1] org.apache.coyote.AbstractProtocol.destroy Destruction du gestionnaire de protocole ["http-nio-8090"]
05-Mar-2025 11:23:29.477 INFO [main] org.apache.catalina.startup.VersionLoggerListener.log Nom version serveur :              Apache Tomcat/9.0.99
05-Mar-2025 11:23:29.485 INFO [main] org.apache.catalina.startup.VersionLoggerListener.log Serveur compilé :                  Feb 4 2025 20:08:08 UTC
05-Mar-2025 11:23:29.486 INFO [main] org.apache.catalina.startup.VersionLoggerListener.log Version du serveur :               9.0.99.0
05-Mar-2025 11:23:29.487 INFO [main] org.apache.catalina.startup.VersionLoggerListener.log Nom de l'OS :                      Windows 11
05-Mar-2025 11:23:29.488 INFO [main] org.apache.catalina.startup.VersionLoggerListener.log Version OS :                       10.0
05-Mar-2025 11:23:29.488 INFO [main] org.apache.catalina.startup.VersionLoggerListener.log Architecture :                     amd64
05-Mar-2025 11:23:29.489 INFO [main] org.apache.catalina.startup.VersionLoggerListener.log Java Home :                        C:\Users\abrad\.jdks\openjdk-23.0.1
05-Mar-2025 11:23:29.489 INFO [main] org.apache.catalina.startup.VersionLoggerListener.log Version JVM :                      23.0.1+11-39
05-Mar-2025 11:23:29.489 INFO [main] org.apache.catalina.startup.VersionLoggerListener.log Fournisseur de la JVM :            Oracle Corporation
05-Mar-2025 11:23:29.490 INFO [main] org.apache.catalina.startup.VersionLoggerListener.log CATALINA_BASE :                    C:\Users\abrad\OneDrive\Bureau\ENAA\Demandez-Rendez-vous2
05-Mar-2025 11:23:29.490 INFO [main] org.apache.catalina.startup.VersionLoggerListener.log CATALINA_HOME :                    C:\Program Files\Apache Software Foundation\Tomcat 9.0
05-Mar-2025 11:23:29.510 INFO [main] org.apache.catalina.startup.VersionLoggerListener.log Argument de la ligne de commande : --add-opens=java.base/java.lang=ALL-UNNAMED
05-Mar-2025 11:23:29.511 INFO [main] org.apache.catalina.startup.VersionLoggerListener.log Argument de la ligne de commande : --add-opens=java.base/java.io=ALL-UNNAMED
05-Mar-2025 11:23:29.511 INFO [main] org.apache.catalina.startup.VersionLoggerListener.log Argument de la ligne de commande : --add-opens=java.base/java.util=ALL-UNNAMED
05-Mar-2025 11:23:29.512 INFO [main] org.apache.catalina.startup.VersionLoggerListener.log Argument de la ligne de commande : --add-opens=java.base/java.util.concurrent=ALL-UNNAMED
05-Mar-2025 11:23:29.512 INFO [main] org.apache.catalina.startup.VersionLoggerListener.log Argument de la ligne de commande : --add-opens=java.rmi/sun.rmi.transport=ALL-UNNAMED
05-Mar-2025 11:23:29.512 INFO [main] org.apache.catalina.startup.VersionLoggerListener.log Argument de la ligne de commande : -Dcatalina.home=C:\Program Files\Apache Software Foundation\Tomcat 9.0
05-Mar-2025 11:23:29.513 INFO [main] org.apache.catalina.startup.VersionLoggerListener.log Argument de la ligne de commande : -Dcatalina.base=C:\Users\abrad\OneDrive\Bureau\ENAA\Demandez-Rendez-vous2
05-Mar-2025 11:23:29.513 INFO [main] org.apache.catalina.startup.VersionLoggerListener.log Argument de la ligne de commande : -Djava.io.tmpdir=C:\Users\abrad\OneDrive\Bureau\ENAA\Demandez-Rendez-vous2\temp
05-Mar-2025 11:23:29.514 INFO [main] org.apache.catalina.startup.VersionLoggerListener.log Argument de la ligne de commande : -Djava.util.logging.config.file=C:\Users\abrad\OneDrive\Bureau\ENAA\Demandez-Rendez-vous2\conf\logging.properties
05-Mar-2025 11:23:29.514 INFO [main] org.apache.catalina.startup.VersionLoggerListener.log Argument de la ligne de commande : -Djava.util.logging.manager=org.apache.juli.ClassLoaderLogManager
05-Mar-2025 11:23:29.514 INFO [main] org.apache.catalina.startup.VersionLoggerListener.log Argument de la ligne de commande : -javaagent:C:\Program Files\JetBrains\IntelliJ IDEA Community Edition 2024.3.1\lib\idea_rt.jar=56268:C:\Program Files\JetBrains\IntelliJ IDEA Community Edition 2024.3.1\bin
05-Mar-2025 11:23:29.514 INFO [main] org.apache.catalina.startup.VersionLoggerListener.log Argument de la ligne de commande : -Dfile.encoding=UTF-8
05-Mar-2025 11:23:29.515 INFO [main] org.apache.catalina.startup.VersionLoggerListener.log Argument de la ligne de commande : -Dsun.stdout.encoding=UTF-8
05-Mar-2025 11:23:29.515 INFO [main] org.apache.catalina.startup.VersionLoggerListener.log Argument de la ligne de commande : -Dsun.stderr.encoding=UTF-8
05-Mar-2025 11:23:29.527 INFO [main] org.apache.catalina.core.AprLifecycleListener.lifecycleEvent La librairie Apache Tomcat Native basée sur APR qui permet des performances optimales dans les environnements de production n'a pas été trouvée sur le java.library.path : [C:\Users\abrad\.jdks\openjdk-23.0.1\bin;C:\WINDOWS\Sun\Java\bin;C:\WINDOWS\system32;C:\WINDOWS;C:\Program Files\Common Files\Oracle\Java\javapath;C:\WINDOWS\system32;C:\WINDOWS;C:\WINDOWS\System32\Wbem;C:\WINDOWS\System32\WindowsPowerShell\v1.0\;C:\WINDOWS\System32\OpenSSH\;C:\MinGW\bin;C:\Program Files\Git\cmd;C:\Program Files\Java\jdk-23\bin;C:\Users\abrad\AppData\Local\Microsoft\WindowsApps;C:\Users\abrad\AppData\Local\Programs\Microsoft VS Code\bin;C:\MinGW\bin;;C:\Program Files\JetBrains\IntelliJ IDEA 2024.3.1\bin;;C:\Users\abrad\AppData\Local\JetBrains\IntelliJ IDEA Community Edition 2024.3.1\bin;;.]
05-Mar-2025 11:23:30.512 INFO [main] org.apache.coyote.AbstractProtocol.init Initialisation du gestionnaire de protocole ["http-nio-8090"]
05-Mar-2025 11:23:30.567 INFO [main] org.apache.catalina.startup.Catalina.load L'initialisation du serveur a pris [1716] millisecondes
05-Mar-2025 11:23:30.729 INFO [main] org.apache.catalina.core.StandardService.startInternal Démarrage du service [Catalina]
05-Mar-2025 11:23:30.729 INFO [main] org.apache.catalina.core.StandardEngine.startInternal Démarrage du moteur de Servlets : [Apache Tomcat/9.0.99]
05-Mar-2025 11:23:30.757 INFO [main] org.apache.catalina.startup.HostConfig.deployDescriptor Déploiement du descripteur de configuration [C:\Users\abrad\OneDrive\Bureau\ENAA\Demandez-Rendez-vous2\conf\Catalina\localhost\Demandez-Rendez-vous2.xml]
05-Mar-2025 11:23:31.369 WARNING [main] org.apache.tomcat.util.descriptor.web.WebXml.setVersion Version [6.0] inconnue, utilisation de la version par défaut
05-Mar-2025 11:23:33.129 INFO [main] org.apache.jasper.servlet.TldScanner.scanJars Au moins un fichier JAR a été analysé pour trouver des TLDs mais il n'en contenait pas, le mode "debug" du journal peut être activé pour obtenir une liste complète de JAR scannés sans succès ; éviter d'analyser des JARs inutilement peut améliorer sensiblement le temps de démarrage et le temps de compilation des JSPs
05-Mar-2025 11:23:33.254 INFO [main] org.apache.catalina.startup.HostConfig.deployDescriptor Le traitement du descripteur de déploiement [C:\Users\abrad\OneDrive\Bureau\ENAA\Demandez-Rendez-vous2\conf\Catalina\localhost\Demandez-Rendez-vous2.xml] a pris [2 492] ms
05-Mar-2025 11:23:33.261 INFO [main] org.apache.coyote.AbstractProtocol.start Démarrage du gestionnaire de protocole ["http-nio-8090"]
05-Mar-2025 11:23:33.293 INFO [main] org.apache.catalina.startup.Catalina.start Le démarrage du serveur a pris [2721] millisecondes
05-Mar-2025 11:27:03.021 INFO [Thread-1] org.apache.coyote.AbstractProtocol.pause Le gestionnaire de protocole ["http-nio-8090"] est mis en pause
05-Mar-2025 11:27:03.044 INFO [Thread-1] org.apache.catalina.core.StandardService.stopInternal Arrêt du service [Catalina]
05-Mar-2025 11:27:03.076 WARNING [Thread-1] org.apache.catalina.loader.WebappClassLoaderBase.clearReferencesJdbc L'application web [Demandez-Rendez-vous2] a enregistré un pilote JDBC [com.mysql.cj.jdbc.Driver], mais ne l'a pas désenregistré avant l'arrêt de l'application.  Pour éviter une fuite de mémoire, le pilote JDBC a été désenregistré de force.
05-Mar-2025 11:27:03.076 WARNING [Thread-1] org.apache.catalina.loader.WebappClassLoaderBase.clearReferencesThreads L'application web [Demandez-Rendez-vous2] semble avoir démarré un thread nommé [mysql-cj-abandoned-connection-cleanup] mais ne l'a pas arrêté, ce qui va probablement créer une fuite de mémoire ; la trace du thread est : 
 java.base/jdk.internal.misc.Unsafe.park(Native Method)
 java.base/java.util.concurrent.locks.LockSupport.parkNanos(LockSupport.java:269)
 java.base/java.util.concurrent.locks.AbstractQueuedSynchronizer$ConditionObject.await(AbstractQueuedSynchronizer.java:1852)
 java.base/java.lang.ref.ReferenceQueue.await(ReferenceQueue.java:79)
 java.base/java.lang.ref.ReferenceQueue.remove0(ReferenceQueue.java:151)
 java.base/java.lang.ref.ReferenceQueue.remove(ReferenceQueue.java:229)
 com.mysql.cj.jdbc.AbandonedConnectionCleanupThread.run(AbandonedConnectionCleanupThread.java:84)
 java.base/java.util.concurrent.ThreadPoolExecutor.runWorker(ThreadPoolExecutor.java:1144)
 java.base/java.util.concurrent.ThreadPoolExecutor$Worker.run(ThreadPoolExecutor.java:642)
 java.base/java.lang.Thread.run(Thread.java:1575)
05-Mar-2025 11:27:03.092 INFO [Thread-1] org.apache.coyote.AbstractProtocol.stop Arrêt du gestionnaire de protocole ["http-nio-8090"]
05-Mar-2025 11:27:03.108 INFO [Thread-1] org.apache.coyote.AbstractProtocol.destroy Destruction du gestionnaire de protocole ["http-nio-8090"]
05-Mar-2025 11:33:01.896 INFO [main] org.apache.catalina.startup.VersionLoggerListener.log Nom version serveur :              Apache Tomcat/9.0.99
05-Mar-2025 11:33:01.907 INFO [main] org.apache.catalina.startup.VersionLoggerListener.log Serveur compilé :                  Feb 4 2025 20:08:08 UTC
05-Mar-2025 11:33:01.908 INFO [main] org.apache.catalina.startup.VersionLoggerListener.log Version du serveur :               9.0.99.0
05-Mar-2025 11:33:01.908 INFO [main] org.apache.catalina.startup.VersionLoggerListener.log Nom de l'OS :                      Windows 11
05-Mar-2025 11:33:01.908 INFO [main] org.apache.catalina.startup.VersionLoggerListener.log Version OS :                       10.0
05-Mar-2025 11:33:01.909 INFO [main] org.apache.catalina.startup.VersionLoggerListener.log Architecture :                     amd64
05-Mar-2025 11:33:01.909 INFO [main] org.apache.catalina.startup.VersionLoggerListener.log Java Home :                        C:\Users\abrad\.jdks\openjdk-23.0.1
05-Mar-2025 11:33:01.909 INFO [main] org.apache.catalina.startup.VersionLoggerListener.log Version JVM :                      23.0.1+11-39
05-Mar-2025 11:33:01.910 INFO [main] org.apache.catalina.startup.VersionLoggerListener.log Fournisseur de la JVM :            Oracle Corporation
05-Mar-2025 11:33:01.910 INFO [main] org.apache.catalina.startup.VersionLoggerListener.log CATALINA_BASE :                    C:\Users\abrad\OneDrive\Bureau\ENAA\Demandez-Rendez-vous2
05-Mar-2025 11:33:01.910 INFO [main] org.apache.catalina.startup.VersionLoggerListener.log CATALINA_HOME :                    C:\Program Files\Apache Software Foundation\Tomcat 9.0
05-Mar-2025 11:33:01.936 INFO [main] org.apache.catalina.startup.VersionLoggerListener.log Argument de la ligne de commande : --add-opens=java.base/java.lang=ALL-UNNAMED
05-Mar-2025 11:33:01.937 INFO [main] org.apache.catalina.startup.VersionLoggerListener.log Argument de la ligne de commande : --add-opens=java.base/java.io=ALL-UNNAMED
05-Mar-2025 11:33:01.937 INFO [main] org.apache.catalina.startup.VersionLoggerListener.log Argument de la ligne de commande : --add-opens=java.base/java.util=ALL-UNNAMED
05-Mar-2025 11:33:01.937 INFO [main] org.apache.catalina.startup.VersionLoggerListener.log Argument de la ligne de commande : --add-opens=java.base/java.util.concurrent=ALL-UNNAMED
05-Mar-2025 11:33:01.938 INFO [main] org.apache.catalina.startup.VersionLoggerListener.log Argument de la ligne de commande : --add-opens=java.rmi/sun.rmi.transport=ALL-UNNAMED
05-Mar-2025 11:33:01.938 INFO [main] org.apache.catalina.startup.VersionLoggerListener.log Argument de la ligne de commande : -Dcatalina.home=C:\Program Files\Apache Software Foundation\Tomcat 9.0
05-Mar-2025 11:33:01.938 INFO [main] org.apache.catalina.startup.VersionLoggerListener.log Argument de la ligne de commande : -Dcatalina.base=C:\Users\abrad\OneDrive\Bureau\ENAA\Demandez-Rendez-vous2
05-Mar-2025 11:33:01.938 INFO [main] org.apache.catalina.startup.VersionLoggerListener.log Argument de la ligne de commande : -Djava.io.tmpdir=C:\Users\abrad\OneDrive\Bureau\ENAA\Demandez-Rendez-vous2\temp
05-Mar-2025 11:33:01.939 INFO [main] org.apache.catalina.startup.VersionLoggerListener.log Argument de la ligne de commande : -Djava.util.logging.config.file=C:\Users\abrad\OneDrive\Bureau\ENAA\Demandez-Rendez-vous2\conf\logging.properties
05-Mar-2025 11:33:01.939 INFO [main] org.apache.catalina.startup.VersionLoggerListener.log Argument de la ligne de commande : -Djava.util.logging.manager=org.apache.juli.ClassLoaderLogManager
05-Mar-2025 11:33:01.939 INFO [main] org.apache.catalina.startup.VersionLoggerListener.log Argument de la ligne de commande : -javaagent:C:\Program Files\JetBrains\IntelliJ IDEA Community Edition 2024.3.1\lib\idea_rt.jar=56310:C:\Program Files\JetBrains\IntelliJ IDEA Community Edition 2024.3.1\bin
05-Mar-2025 11:33:01.939 INFO [main] org.apache.catalina.startup.VersionLoggerListener.log Argument de la ligne de commande : -Dfile.encoding=UTF-8
05-Mar-2025 11:33:01.940 INFO [main] org.apache.catalina.startup.VersionLoggerListener.log Argument de la ligne de commande : -Dsun.stdout.encoding=UTF-8
05-Mar-2025 11:33:01.940 INFO [main] org.apache.catalina.startup.VersionLoggerListener.log Argument de la ligne de commande : -Dsun.stderr.encoding=UTF-8
05-Mar-2025 11:33:01.958 INFO [main] org.apache.catalina.core.AprLifecycleListener.lifecycleEvent La librairie Apache Tomcat Native basée sur APR qui permet des performances optimales dans les environnements de production n'a pas été trouvée sur le java.library.path : [C:\Users\abrad\.jdks\openjdk-23.0.1\bin;C:\WINDOWS\Sun\Java\bin;C:\WINDOWS\system32;C:\WINDOWS;C:\Program Files\Common Files\Oracle\Java\javapath;C:\WINDOWS\system32;C:\WINDOWS;C:\WINDOWS\System32\Wbem;C:\WINDOWS\System32\WindowsPowerShell\v1.0\;C:\WINDOWS\System32\OpenSSH\;C:\MinGW\bin;C:\Program Files\Git\cmd;C:\Program Files\Java\jdk-23\bin;C:\Users\abrad\AppData\Local\Microsoft\WindowsApps;C:\Users\abrad\AppData\Local\Programs\Microsoft VS Code\bin;C:\MinGW\bin;;C:\Program Files\JetBrains\IntelliJ IDEA 2024.3.1\bin;;C:\Users\abrad\AppData\Local\JetBrains\IntelliJ IDEA Community Edition 2024.3.1\bin;;.]
05-Mar-2025 11:33:02.807 INFO [main] org.apache.coyote.AbstractProtocol.init Initialisation du gestionnaire de protocole ["http-nio-8090"]
05-Mar-2025 11:33:02.848 INFO [main] org.apache.catalina.startup.Catalina.load L'initialisation du serveur a pris [1615] millisecondes
05-Mar-2025 11:33:02.966 INFO [main] org.apache.catalina.core.StandardService.startInternal Démarrage du service [Catalina]
05-Mar-2025 11:33:02.966 INFO [main] org.apache.catalina.core.StandardEngine.startInternal Démarrage du moteur de Servlets : [Apache Tomcat/9.0.99]
05-Mar-2025 11:33:02.995 INFO [main] org.apache.catalina.startup.HostConfig.deployDescriptor Déploiement du descripteur de configuration [C:\Users\abrad\OneDrive\Bureau\ENAA\Demandez-Rendez-vous2\conf\Catalina\localhost\Demandez-Rendez-vous2.xml]
05-Mar-2025 11:33:03.400 WARNING [main] org.apache.tomcat.util.descriptor.web.WebXml.setVersion Version [6.0] inconnue, utilisation de la version par défaut
05-Mar-2025 11:33:04.669 INFO [main] org.apache.jasper.servlet.TldScanner.scanJars Au moins un fichier JAR a été analysé pour trouver des TLDs mais il n'en contenait pas, le mode "debug" du journal peut être activé pour obtenir une liste complète de JAR scannés sans succès ; éviter d'analyser des JARs inutilement peut améliorer sensiblement le temps de démarrage et le temps de compilation des JSPs
05-Mar-2025 11:33:04.810 INFO [main] org.apache.catalina.startup.HostConfig.deployDescriptor Le traitement du descripteur de déploiement [C:\Users\abrad\OneDrive\Bureau\ENAA\Demandez-Rendez-vous2\conf\Catalina\localhost\Demandez-Rendez-vous2.xml] a pris [1 813] ms
05-Mar-2025 11:33:04.816 INFO [main] org.apache.coyote.AbstractProtocol.start Démarrage du gestionnaire de protocole ["http-nio-8090"]
05-Mar-2025 11:33:04.843 INFO [main] org.apache.catalina.startup.Catalina.start Le démarrage du serveur a pris [1992] millisecondes
05-Mar-2025 11:34:42.096 INFO [Thread-1] org.apache.coyote.AbstractProtocol.pause Le gestionnaire de protocole ["http-nio-8090"] est mis en pause
05-Mar-2025 11:34:42.107 INFO [Thread-1] org.apache.catalina.core.StandardService.stopInternal Arrêt du service [Catalina]
05-Mar-2025 11:34:42.119 WARNING [Thread-1] org.apache.catalina.loader.WebappClassLoaderBase.clearReferencesJdbc L'application web [Demandez-Rendez-vous2] a enregistré un pilote JDBC [com.mysql.cj.jdbc.Driver], mais ne l'a pas désenregistré avant l'arrêt de l'application.  Pour éviter une fuite de mémoire, le pilote JDBC a été désenregistré de force.
05-Mar-2025 11:34:42.119 WARNING [Thread-1] org.apache.catalina.loader.WebappClassLoaderBase.clearReferencesThreads L'application web [Demandez-Rendez-vous2] semble avoir démarré un thread nommé [mysql-cj-abandoned-connection-cleanup] mais ne l'a pas arrêté, ce qui va probablement créer une fuite de mémoire ; la trace du thread est : 
 java.base/jdk.internal.misc.Unsafe.park(Native Method)
 java.base/java.util.concurrent.locks.LockSupport.parkNanos(LockSupport.java:269)
 java.base/java.util.concurrent.locks.AbstractQueuedSynchronizer$ConditionObject.await(AbstractQueuedSynchronizer.java:1852)
 java.base/java.lang.ref.ReferenceQueue.await(ReferenceQueue.java:79)
 java.base/java.lang.ref.ReferenceQueue.remove0(ReferenceQueue.java:151)
 java.base/java.lang.ref.ReferenceQueue.remove(ReferenceQueue.java:229)
 com.mysql.cj.jdbc.AbandonedConnectionCleanupThread.run(AbandonedConnectionCleanupThread.java:84)
 java.base/java.util.concurrent.ThreadPoolExecutor.runWorker(ThreadPoolExecutor.java:1144)
 java.base/java.util.concurrent.ThreadPoolExecutor$Worker.run(ThreadPoolExecutor.java:642)
 java.base/java.lang.Thread.run(Thread.java:1575)
05-Mar-2025 11:34:42.129 INFO [Thread-1] org.apache.coyote.AbstractProtocol.stop Arrêt du gestionnaire de protocole ["http-nio-8090"]
05-Mar-2025 11:34:42.139 INFO [Thread-1] org.apache.coyote.AbstractProtocol.destroy Destruction du gestionnaire de protocole ["http-nio-8090"]
05-Mar-2025 11:34:51.571 INFO [main] org.apache.catalina.startup.VersionLoggerListener.log Nom version serveur :              Apache Tomcat/9.0.99
05-Mar-2025 11:34:51.578 INFO [main] org.apache.catalina.startup.VersionLoggerListener.log Serveur compilé :                  Feb 4 2025 20:08:08 UTC
05-Mar-2025 11:34:51.579 INFO [main] org.apache.catalina.startup.VersionLoggerListener.log Version du serveur :               9.0.99.0
05-Mar-2025 11:34:51.579 INFO [main] org.apache.catalina.startup.VersionLoggerListener.log Nom de l'OS :                      Windows 11
05-Mar-2025 11:34:51.580 INFO [main] org.apache.catalina.startup.VersionLoggerListener.log Version OS :                       10.0
05-Mar-2025 11:34:51.580 INFO [main] org.apache.catalina.startup.VersionLoggerListener.log Architecture :                     amd64
05-Mar-2025 11:34:51.581 INFO [main] org.apache.catalina.startup.VersionLoggerListener.log Java Home :                        C:\Users\abrad\.jdks\openjdk-23.0.1
05-Mar-2025 11:34:51.581 INFO [main] org.apache.catalina.startup.VersionLoggerListener.log Version JVM :                      23.0.1+11-39
05-Mar-2025 11:34:51.581 INFO [main] org.apache.catalina.startup.VersionLoggerListener.log Fournisseur de la JVM :            Oracle Corporation
05-Mar-2025 11:34:51.581 INFO [main] org.apache.catalina.startup.VersionLoggerListener.log CATALINA_BASE :                    C:\Users\abrad\OneDrive\Bureau\ENAA\Demandez-Rendez-vous2
05-Mar-2025 11:34:51.582 INFO [main] org.apache.catalina.startup.VersionLoggerListener.log CATALINA_HOME :                    C:\Program Files\Apache Software Foundation\Tomcat 9.0
05-Mar-2025 11:34:51.599 INFO [main] org.apache.catalina.startup.VersionLoggerListener.log Argument de la ligne de commande : --add-opens=java.base/java.lang=ALL-UNNAMED
05-Mar-2025 11:34:51.599 INFO [main] org.apache.catalina.startup.VersionLoggerListener.log Argument de la ligne de commande : --add-opens=java.base/java.io=ALL-UNNAMED
05-Mar-2025 11:34:51.600 INFO [main] org.apache.catalina.startup.VersionLoggerListener.log Argument de la ligne de commande : --add-opens=java.base/java.util=ALL-UNNAMED
05-Mar-2025 11:34:51.601 INFO [main] org.apache.catalina.startup.VersionLoggerListener.log Argument de la ligne de commande : --add-opens=java.base/java.util.concurrent=ALL-UNNAMED
05-Mar-2025 11:34:51.601 INFO [main] org.apache.catalina.startup.VersionLoggerListener.log Argument de la ligne de commande : --add-opens=java.rmi/sun.rmi.transport=ALL-UNNAMED
05-Mar-2025 11:34:51.602 INFO [main] org.apache.catalina.startup.VersionLoggerListener.log Argument de la ligne de commande : -Dcatalina.home=C:\Program Files\Apache Software Foundation\Tomcat 9.0
05-Mar-2025 11:34:51.602 INFO [main] org.apache.catalina.startup.VersionLoggerListener.log Argument de la ligne de commande : -Dcatalina.base=C:\Users\abrad\OneDrive\Bureau\ENAA\Demandez-Rendez-vous2
05-Mar-2025 11:34:51.603 INFO [main] org.apache.catalina.startup.VersionLoggerListener.log Argument de la ligne de commande : -Djava.io.tmpdir=C:\Users\abrad\OneDrive\Bureau\ENAA\Demandez-Rendez-vous2\temp
05-Mar-2025 11:34:51.603 INFO [main] org.apache.catalina.startup.VersionLoggerListener.log Argument de la ligne de commande : -Djava.util.logging.config.file=C:\Users\abrad\OneDrive\Bureau\ENAA\Demandez-Rendez-vous2\conf\logging.properties
05-Mar-2025 11:34:51.603 INFO [main] org.apache.catalina.startup.VersionLoggerListener.log Argument de la ligne de commande : -Djava.util.logging.manager=org.apache.juli.ClassLoaderLogManager
05-Mar-2025 11:34:51.603 INFO [main] org.apache.catalina.startup.VersionLoggerListener.log Argument de la ligne de commande : -javaagent:C:\Program Files\JetBrains\IntelliJ IDEA Community Edition 2024.3.1\lib\idea_rt.jar=56326:C:\Program Files\JetBrains\IntelliJ IDEA Community Edition 2024.3.1\bin
05-Mar-2025 11:34:51.604 INFO [main] org.apache.catalina.startup.VersionLoggerListener.log Argument de la ligne de commande : -Dfile.encoding=UTF-8
05-Mar-2025 11:34:51.604 INFO [main] org.apache.catalina.startup.VersionLoggerListener.log Argument de la ligne de commande : -Dsun.stdout.encoding=UTF-8
05-Mar-2025 11:34:51.604 INFO [main] org.apache.catalina.startup.VersionLoggerListener.log Argument de la ligne de commande : -Dsun.stderr.encoding=UTF-8
05-Mar-2025 11:34:51.614 INFO [main] org.apache.catalina.core.AprLifecycleListener.lifecycleEvent La librairie Apache Tomcat Native basée sur APR qui permet des performances optimales dans les environnements de production n'a pas été trouvée sur le java.library.path : [C:\Users\abrad\.jdks\openjdk-23.0.1\bin;C:\WINDOWS\Sun\Java\bin;C:\WINDOWS\system32;C:\WINDOWS;C:\Program Files\Common Files\Oracle\Java\javapath;C:\WINDOWS\system32;C:\WINDOWS;C:\WINDOWS\System32\Wbem;C:\WINDOWS\System32\WindowsPowerShell\v1.0\;C:\WINDOWS\System32\OpenSSH\;C:\MinGW\bin;C:\Program Files\Git\cmd;C:\Program Files\Java\jdk-23\bin;C:\Users\abrad\AppData\Local\Microsoft\WindowsApps;C:\Users\abrad\AppData\Local\Programs\Microsoft VS Code\bin;C:\MinGW\bin;;C:\Program Files\JetBrains\IntelliJ IDEA 2024.3.1\bin;;C:\Users\abrad\AppData\Local\JetBrains\IntelliJ IDEA Community Edition 2024.3.1\bin;;.]
05-Mar-2025 11:34:52.439 INFO [main] org.apache.coyote.AbstractProtocol.init Initialisation du gestionnaire de protocole ["http-nio-8090"]
05-Mar-2025 11:34:52.472 INFO [main] org.apache.catalina.startup.Catalina.load L'initialisation du serveur a pris [1618] millisecondes
05-Mar-2025 11:34:52.574 INFO [main] org.apache.catalina.core.StandardService.startInternal Démarrage du service [Catalina]
05-Mar-2025 11:34:52.574 INFO [main] org.apache.catalina.core.StandardEngine.startInternal Démarrage du moteur de Servlets : [Apache Tomcat/9.0.99]
05-Mar-2025 11:34:52.591 INFO [main] org.apache.catalina.startup.HostConfig.deployDescriptor Déploiement du descripteur de configuration [C:\Users\abrad\OneDrive\Bureau\ENAA\Demandez-Rendez-vous2\conf\Catalina\localhost\Demandez-Rendez-vous2.xml]
05-Mar-2025 11:34:52.883 WARNING [main] org.apache.tomcat.util.descriptor.web.WebXml.setVersion Version [6.0] inconnue, utilisation de la version par défaut
05-Mar-2025 11:34:54.306 INFO [main] org.apache.jasper.servlet.TldScanner.scanJars Au moins un fichier JAR a été analysé pour trouver des TLDs mais il n'en contenait pas, le mode "debug" du journal peut être activé pour obtenir une liste complète de JAR scannés sans succès ; éviter d'analyser des JARs inutilement peut améliorer sensiblement le temps de démarrage et le temps de compilation des JSPs
05-Mar-2025 11:34:54.513 INFO [main] org.apache.catalina.startup.HostConfig.deployDescriptor Le traitement du descripteur de déploiement [C:\Users\abrad\OneDrive\Bureau\ENAA\Demandez-Rendez-vous2\conf\Catalina\localhost\Demandez-Rendez-vous2.xml] a pris [1 919] ms
05-Mar-2025 11:34:54.519 INFO [main] org.apache.coyote.AbstractProtocol.start Démarrage du gestionnaire de protocole ["http-nio-8090"]
05-Mar-2025 11:34:54.556 INFO [main] org.apache.catalina.startup.Catalina.start Le démarrage du serveur a pris [2081] millisecondes
05-Mar-2025 11:36:47.491 INFO [Thread-1] org.apache.coyote.AbstractProtocol.pause Le gestionnaire de protocole ["http-nio-8090"] est mis en pause
05-Mar-2025 11:36:47.504 INFO [Thread-1] org.apache.catalina.core.StandardService.stopInternal Arrêt du service [Catalina]
05-Mar-2025 11:36:47.513 WARNING [Thread-1] org.apache.catalina.loader.WebappClassLoaderBase.clearReferencesJdbc L'application web [Demandez-Rendez-vous2] a enregistré un pilote JDBC [com.mysql.cj.jdbc.Driver], mais ne l'a pas désenregistré avant l'arrêt de l'application.  Pour éviter une fuite de mémoire, le pilote JDBC a été désenregistré de force.
05-Mar-2025 11:36:47.514 WARNING [Thread-1] org.apache.catalina.loader.WebappClassLoaderBase.clearReferencesThreads L'application web [Demandez-Rendez-vous2] semble avoir démarré un thread nommé [mysql-cj-abandoned-connection-cleanup] mais ne l'a pas arrêté, ce qui va probablement créer une fuite de mémoire ; la trace du thread est : 
 java.base/jdk.internal.misc.Unsafe.park(Native Method)
 java.base/java.util.concurrent.locks.LockSupport.parkNanos(LockSupport.java:269)
 java.base/java.util.concurrent.locks.AbstractQueuedSynchronizer$ConditionObject.await(AbstractQueuedSynchronizer.java:1852)
 java.base/java.lang.ref.ReferenceQueue.await(ReferenceQueue.java:79)
 java.base/java.lang.ref.ReferenceQueue.remove0(ReferenceQueue.java:151)
 java.base/java.lang.ref.ReferenceQueue.remove(ReferenceQueue.java:229)
 com.mysql.cj.jdbc.AbandonedConnectionCleanupThread.run(AbandonedConnectionCleanupThread.java:84)
 java.base/java.util.concurrent.ThreadPoolExecutor.runWorker(ThreadPoolExecutor.java:1144)
 java.base/java.util.concurrent.ThreadPoolExecutor$Worker.run(ThreadPoolExecutor.java:642)
 java.base/java.lang.Thread.run(Thread.java:1575)
05-Mar-2025 11:36:47.520 INFO [Thread-1] org.apache.coyote.AbstractProtocol.stop Arrêt du gestionnaire de protocole ["http-nio-8090"]
05-Mar-2025 11:36:47.536 INFO [Thread-1] org.apache.coyote.AbstractProtocol.destroy Destruction du gestionnaire de protocole ["http-nio-8090"]
05-Mar-2025 11:36:53.363 INFO [main] org.apache.catalina.startup.VersionLoggerListener.log Nom version serveur :              Apache Tomcat/9.0.99
05-Mar-2025 11:36:53.370 INFO [main] org.apache.catalina.startup.VersionLoggerListener.log Serveur compilé :                  Feb 4 2025 20:08:08 UTC
05-Mar-2025 11:36:53.370 INFO [main] org.apache.catalina.startup.VersionLoggerListener.log Version du serveur :               9.0.99.0
05-Mar-2025 11:36:53.371 INFO [main] org.apache.catalina.startup.VersionLoggerListener.log Nom de l'OS :                      Windows 11
05-Mar-2025 11:36:53.371 INFO [main] org.apache.catalina.startup.VersionLoggerListener.log Version OS :                       10.0
05-Mar-2025 11:36:53.372 INFO [main] org.apache.catalina.startup.VersionLoggerListener.log Architecture :                     amd64
05-Mar-2025 11:36:53.372 INFO [main] org.apache.catalina.startup.VersionLoggerListener.log Java Home :                        C:\Users\abrad\.jdks\openjdk-23.0.1
05-Mar-2025 11:36:53.372 INFO [main] org.apache.catalina.startup.VersionLoggerListener.log Version JVM :                      23.0.1+11-39
05-Mar-2025 11:36:53.374 INFO [main] org.apache.catalina.startup.VersionLoggerListener.log Fournisseur de la JVM :            Oracle Corporation
05-Mar-2025 11:36:53.374 INFO [main] org.apache.catalina.startup.VersionLoggerListener.log CATALINA_BASE :                    C:\Users\abrad\OneDrive\Bureau\ENAA\Demandez-Rendez-vous2
05-Mar-2025 11:36:53.374 INFO [main] org.apache.catalina.startup.VersionLoggerListener.log CATALINA_HOME :                    C:\Program Files\Apache Software Foundation\Tomcat 9.0
05-Mar-2025 11:36:53.392 INFO [main] org.apache.catalina.startup.VersionLoggerListener.log Argument de la ligne de commande : --add-opens=java.base/java.lang=ALL-UNNAMED
05-Mar-2025 11:36:53.393 INFO [main] org.apache.catalina.startup.VersionLoggerListener.log Argument de la ligne de commande : --add-opens=java.base/java.io=ALL-UNNAMED
05-Mar-2025 11:36:53.393 INFO [main] org.apache.catalina.startup.VersionLoggerListener.log Argument de la ligne de commande : --add-opens=java.base/java.util=ALL-UNNAMED
05-Mar-2025 11:36:53.393 INFO [main] org.apache.catalina.startup.VersionLoggerListener.log Argument de la ligne de commande : --add-opens=java.base/java.util.concurrent=ALL-UNNAMED
05-Mar-2025 11:36:53.393 INFO [main] org.apache.catalina.startup.VersionLoggerListener.log Argument de la ligne de commande : --add-opens=java.rmi/sun.rmi.transport=ALL-UNNAMED
05-Mar-2025 11:36:53.393 INFO [main] org.apache.catalina.startup.VersionLoggerListener.log Argument de la ligne de commande : -Dcatalina.home=C:\Program Files\Apache Software Foundation\Tomcat 9.0
05-Mar-2025 11:36:53.394 INFO [main] org.apache.catalina.startup.VersionLoggerListener.log Argument de la ligne de commande : -Dcatalina.base=C:\Users\abrad\OneDrive\Bureau\ENAA\Demandez-Rendez-vous2
05-Mar-2025 11:36:53.394 INFO [main] org.apache.catalina.startup.VersionLoggerListener.log Argument de la ligne de commande : -Djava.io.tmpdir=C:\Users\abrad\OneDrive\Bureau\ENAA\Demandez-Rendez-vous2\temp
05-Mar-2025 11:36:53.394 INFO [main] org.apache.catalina.startup.VersionLoggerListener.log Argument de la ligne de commande : -Djava.util.logging.config.file=C:\Users\abrad\OneDrive\Bureau\ENAA\Demandez-Rendez-vous2\conf\logging.properties
05-Mar-2025 11:36:53.394 INFO [main] org.apache.catalina.startup.VersionLoggerListener.log Argument de la ligne de commande : -Djava.util.logging.manager=org.apache.juli.ClassLoaderLogManager
05-Mar-2025 11:36:53.395 INFO [main] org.apache.catalina.startup.VersionLoggerListener.log Argument de la ligne de commande : -javaagent:C:\Program Files\JetBrains\IntelliJ IDEA Community Edition 2024.3.1\lib\idea_rt.jar=56348:C:\Program Files\JetBrains\IntelliJ IDEA Community Edition 2024.3.1\bin
05-Mar-2025 11:36:53.395 INFO [main] org.apache.catalina.startup.VersionLoggerListener.log Argument de la ligne de commande : -Dfile.encoding=UTF-8
05-Mar-2025 11:36:53.395 INFO [main] org.apache.catalina.startup.VersionLoggerListener.log Argument de la ligne de commande : -Dsun.stdout.encoding=UTF-8
05-Mar-2025 11:36:53.395 INFO [main] org.apache.catalina.startup.VersionLoggerListener.log Argument de la ligne de commande : -Dsun.stderr.encoding=UTF-8
05-Mar-2025 11:36:53.412 INFO [main] org.apache.catalina.core.AprLifecycleListener.lifecycleEvent La librairie Apache Tomcat Native basée sur APR qui permet des performances optimales dans les environnements de production n'a pas été trouvée sur le java.library.path : [C:\Users\abrad\.jdks\openjdk-23.0.1\bin;C:\WINDOWS\Sun\Java\bin;C:\WINDOWS\system32;C:\WINDOWS;C:\Program Files\Common Files\Oracle\Java\javapath;C:\WINDOWS\system32;C:\WINDOWS;C:\WINDOWS\System32\Wbem;C:\WINDOWS\System32\WindowsPowerShell\v1.0\;C:\WINDOWS\System32\OpenSSH\;C:\MinGW\bin;C:\Program Files\Git\cmd;C:\Program Files\Java\jdk-23\bin;C:\Users\abrad\AppData\Local\Microsoft\WindowsApps;C:\Users\abrad\AppData\Local\Programs\Microsoft VS Code\bin;C:\MinGW\bin;;C:\Program Files\JetBrains\IntelliJ IDEA 2024.3.1\bin;;C:\Users\abrad\AppData\Local\JetBrains\IntelliJ IDEA Community Edition 2024.3.1\bin;;.]
05-Mar-2025 11:36:54.271 INFO [main] org.apache.coyote.AbstractProtocol.init Initialisation du gestionnaire de protocole ["http-nio-8090"]
05-Mar-2025 11:36:54.316 INFO [main] org.apache.catalina.startup.Catalina.load L'initialisation du serveur a pris [1477] millisecondes
05-Mar-2025 11:36:54.445 INFO [main] org.apache.catalina.core.StandardService.startInternal Démarrage du service [Catalina]
05-Mar-2025 11:36:54.446 INFO [main] org.apache.catalina.core.StandardEngine.startInternal Démarrage du moteur de Servlets : [Apache Tomcat/9.0.99]
05-Mar-2025 11:36:54.475 INFO [main] org.apache.catalina.startup.HostConfig.deployDescriptor Déploiement du descripteur de configuration [C:\Users\abrad\OneDrive\Bureau\ENAA\Demandez-Rendez-vous2\conf\Catalina\localhost\Demandez-Rendez-vous2.xml]
05-Mar-2025 11:36:54.965 WARNING [main] org.apache.tomcat.util.descriptor.web.WebXml.setVersion Version [6.0] inconnue, utilisation de la version par défaut
05-Mar-2025 11:36:56.415 INFO [main] org.apache.jasper.servlet.TldScanner.scanJars Au moins un fichier JAR a été analysé pour trouver des TLDs mais il n'en contenait pas, le mode "debug" du journal peut être activé pour obtenir une liste complète de JAR scannés sans succès ; éviter d'analyser des JARs inutilement peut améliorer sensiblement le temps de démarrage et le temps de compilation des JSPs
05-Mar-2025 11:36:56.585 INFO [main] org.apache.catalina.startup.HostConfig.deployDescriptor Le traitement du descripteur de déploiement [C:\Users\abrad\OneDrive\Bureau\ENAA\Demandez-Rendez-vous2\conf\Catalina\localhost\Demandez-Rendez-vous2.xml] a pris [2 106] ms
05-Mar-2025 11:36:56.591 INFO [main] org.apache.coyote.AbstractProtocol.start Démarrage du gestionnaire de protocole ["http-nio-8090"]
05-Mar-2025 11:36:56.618 INFO [main] org.apache.catalina.startup.Catalina.start Le démarrage du serveur a pris [2297] millisecondes
05-Mar-2025 11:42:07.605 INFO [Thread-1] org.apache.coyote.AbstractProtocol.pause Le gestionnaire de protocole ["http-nio-8090"] est mis en pause
05-Mar-2025 11:42:07.626 INFO [Thread-1] org.apache.catalina.core.StandardService.stopInternal Arrêt du service [Catalina]
05-Mar-2025 11:42:07.650 WARNING [Thread-1] org.apache.catalina.loader.WebappClassLoaderBase.clearReferencesJdbc L'application web [Demandez-Rendez-vous2] a enregistré un pilote JDBC [com.mysql.cj.jdbc.Driver], mais ne l'a pas désenregistré avant l'arrêt de l'application.  Pour éviter une fuite de mémoire, le pilote JDBC a été désenregistré de force.
05-Mar-2025 11:42:07.651 WARNING [Thread-1] org.apache.catalina.loader.WebappClassLoaderBase.clearReferencesThreads L'application web [Demandez-Rendez-vous2] semble avoir démarré un thread nommé [mysql-cj-abandoned-connection-cleanup] mais ne l'a pas arrêté, ce qui va probablement créer une fuite de mémoire ; la trace du thread est : 
 java.base/jdk.internal.misc.Unsafe.park(Native Method)
 java.base/java.util.concurrent.locks.LockSupport.parkNanos(LockSupport.java:269)
 java.base/java.util.concurrent.locks.AbstractQueuedSynchronizer$ConditionObject.await(AbstractQueuedSynchronizer.java:1852)
 java.base/java.lang.ref.ReferenceQueue.await(ReferenceQueue.java:79)
 java.base/java.lang.ref.ReferenceQueue.remove0(ReferenceQueue.java:151)
 java.base/java.lang.ref.ReferenceQueue.remove(ReferenceQueue.java:229)
 com.mysql.cj.jdbc.AbandonedConnectionCleanupThread.run(AbandonedConnectionCleanupThread.java:84)
 java.base/java.util.concurrent.ThreadPoolExecutor.runWorker(ThreadPoolExecutor.java:1144)
 java.base/java.util.concurrent.ThreadPoolExecutor$Worker.run(ThreadPoolExecutor.java:642)
 java.base/java.lang.Thread.run(Thread.java:1575)
05-Mar-2025 11:42:07.660 INFO [Thread-1] org.apache.coyote.AbstractProtocol.stop Arrêt du gestionnaire de protocole ["http-nio-8090"]
05-Mar-2025 11:42:07.671 INFO [Thread-1] org.apache.coyote.AbstractProtocol.destroy Destruction du gestionnaire de protocole ["http-nio-8090"]
05-Mar-2025 11:42:10.247 INFO [main] org.apache.catalina.startup.VersionLoggerListener.log Nom version serveur :              Apache Tomcat/9.0.99
05-Mar-2025 11:42:10.255 INFO [main] org.apache.catalina.startup.VersionLoggerListener.log Serveur compilé :                  Feb 4 2025 20:08:08 UTC
05-Mar-2025 11:42:10.257 INFO [main] org.apache.catalina.startup.VersionLoggerListener.log Version du serveur :               9.0.99.0
05-Mar-2025 11:42:10.257 INFO [main] org.apache.catalina.startup.VersionLoggerListener.log Nom de l'OS :                      Windows 11
05-Mar-2025 11:42:10.257 INFO [main] org.apache.catalina.startup.VersionLoggerListener.log Version OS :                       10.0
05-Mar-2025 11:42:10.258 INFO [main] org.apache.catalina.startup.VersionLoggerListener.log Architecture :                     amd64
05-Mar-2025 11:42:10.258 INFO [main] org.apache.catalina.startup.VersionLoggerListener.log Java Home :                        C:\Users\abrad\.jdks\openjdk-23.0.1
05-Mar-2025 11:42:10.258 INFO [main] org.apache.catalina.startup.VersionLoggerListener.log Version JVM :                      23.0.1+11-39
05-Mar-2025 11:42:10.259 INFO [main] org.apache.catalina.startup.VersionLoggerListener.log Fournisseur de la JVM :            Oracle Corporation
05-Mar-2025 11:42:10.259 INFO [main] org.apache.catalina.startup.VersionLoggerListener.log CATALINA_BASE :                    C:\Users\abrad\OneDrive\Bureau\ENAA\Demandez-Rendez-vous2
05-Mar-2025 11:42:10.259 INFO [main] org.apache.catalina.startup.VersionLoggerListener.log CATALINA_HOME :                    C:\Program Files\Apache Software Foundation\Tomcat 9.0
05-Mar-2025 11:42:10.272 INFO [main] org.apache.catalina.startup.VersionLoggerListener.log Argument de la ligne de commande : --add-opens=java.base/java.lang=ALL-UNNAMED
05-Mar-2025 11:42:10.272 INFO [main] org.apache.catalina.startup.VersionLoggerListener.log Argument de la ligne de commande : --add-opens=java.base/java.io=ALL-UNNAMED
05-Mar-2025 11:42:10.273 INFO [main] org.apache.catalina.startup.VersionLoggerListener.log Argument de la ligne de commande : --add-opens=java.base/java.util=ALL-UNNAMED
05-Mar-2025 11:42:10.273 INFO [main] org.apache.catalina.startup.VersionLoggerListener.log Argument de la ligne de commande : --add-opens=java.base/java.util.concurrent=ALL-UNNAMED
05-Mar-2025 11:42:10.273 INFO [main] org.apache.catalina.startup.VersionLoggerListener.log Argument de la ligne de commande : --add-opens=java.rmi/sun.rmi.transport=ALL-UNNAMED
05-Mar-2025 11:42:10.273 INFO [main] org.apache.catalina.startup.VersionLoggerListener.log Argument de la ligne de commande : -Dcatalina.home=C:\Program Files\Apache Software Foundation\Tomcat 9.0
05-Mar-2025 11:42:10.273 INFO [main] org.apache.catalina.startup.VersionLoggerListener.log Argument de la ligne de commande : -Dcatalina.base=C:\Users\abrad\OneDrive\Bureau\ENAA\Demandez-Rendez-vous2
05-Mar-2025 11:42:10.274 INFO [main] org.apache.catalina.startup.VersionLoggerListener.log Argument de la ligne de commande : -Djava.io.tmpdir=C:\Users\abrad\OneDrive\Bureau\ENAA\Demandez-Rendez-vous2\temp
05-Mar-2025 11:42:10.274 INFO [main] org.apache.catalina.startup.VersionLoggerListener.log Argument de la ligne de commande : -Djava.util.logging.config.file=C:\Users\abrad\OneDrive\Bureau\ENAA\Demandez-Rendez-vous2\conf\logging.properties
05-Mar-2025 11:42:10.274 INFO [main] org.apache.catalina.startup.VersionLoggerListener.log Argument de la ligne de commande : -Djava.util.logging.manager=org.apache.juli.ClassLoaderLogManager
05-Mar-2025 11:42:10.274 INFO [main] org.apache.catalina.startup.VersionLoggerListener.log Argument de la ligne de commande : -javaagent:C:\Program Files\JetBrains\IntelliJ IDEA Community Edition 2024.3.1\lib\idea_rt.jar=56362:C:\Program Files\JetBrains\IntelliJ IDEA Community Edition 2024.3.1\bin
05-Mar-2025 11:42:10.275 INFO [main] org.apache.catalina.startup.VersionLoggerListener.log Argument de la ligne de commande : -Dfile.encoding=UTF-8
05-Mar-2025 11:42:10.275 INFO [main] org.apache.catalina.startup.VersionLoggerListener.log Argument de la ligne de commande : -Dsun.stdout.encoding=UTF-8
05-Mar-2025 11:42:10.275 INFO [main] org.apache.catalina.startup.VersionLoggerListener.log Argument de la ligne de commande : -Dsun.stderr.encoding=UTF-8
05-Mar-2025 11:42:10.283 INFO [main] org.apache.catalina.core.AprLifecycleListener.lifecycleEvent La librairie Apache Tomcat Native basée sur APR qui permet des performances optimales dans les environnements de production n'a pas été trouvée sur le java.library.path : [C:\Users\abrad\.jdks\openjdk-23.0.1\bin;C:\WINDOWS\Sun\Java\bin;C:\WINDOWS\system32;C:\WINDOWS;C:\Program Files\Common Files\Oracle\Java\javapath;C:\WINDOWS\system32;C:\WINDOWS;C:\WINDOWS\System32\Wbem;C:\WINDOWS\System32\WindowsPowerShell\v1.0\;C:\WINDOWS\System32\OpenSSH\;C:\MinGW\bin;C:\Program Files\Git\cmd;C:\Program Files\Java\jdk-23\bin;C:\Users\abrad\AppData\Local\Microsoft\WindowsApps;C:\Users\abrad\AppData\Local\Programs\Microsoft VS Code\bin;C:\MinGW\bin;;C:\Program Files\JetBrains\IntelliJ IDEA 2024.3.1\bin;;C:\Users\abrad\AppData\Local\JetBrains\IntelliJ IDEA Community Edition 2024.3.1\bin;;.]
05-Mar-2025 11:42:11.066 INFO [main] org.apache.coyote.AbstractProtocol.init Initialisation du gestionnaire de protocole ["http-nio-8090"]
05-Mar-2025 11:42:11.098 INFO [main] org.apache.catalina.startup.Catalina.load L'initialisation du serveur a pris [1463] millisecondes
05-Mar-2025 11:42:11.225 INFO [main] org.apache.catalina.core.StandardService.startInternal Démarrage du service [Catalina]
05-Mar-2025 11:42:11.226 INFO [main] org.apache.catalina.core.StandardEngine.startInternal Démarrage du moteur de Servlets : [Apache Tomcat/9.0.99]
05-Mar-2025 11:42:11.249 INFO [main] org.apache.catalina.startup.HostConfig.deployDescriptor Déploiement du descripteur de configuration [C:\Users\abrad\OneDrive\Bureau\ENAA\Demandez-Rendez-vous2\conf\Catalina\localhost\Demandez-Rendez-vous2.xml]
05-Mar-2025 11:42:11.616 WARNING [main] org.apache.tomcat.util.descriptor.web.WebXml.setVersion Version [6.0] inconnue, utilisation de la version par défaut
05-Mar-2025 11:42:12.960 INFO [main] org.apache.jasper.servlet.TldScanner.scanJars Au moins un fichier JAR a été analysé pour trouver des TLDs mais il n'en contenait pas, le mode "debug" du journal peut être activé pour obtenir une liste complète de JAR scannés sans succès ; éviter d'analyser des JARs inutilement peut améliorer sensiblement le temps de démarrage et le temps de compilation des JSPs
05-Mar-2025 11:42:13.127 INFO [main] org.apache.catalina.startup.HostConfig.deployDescriptor Le traitement du descripteur de déploiement [C:\Users\abrad\OneDrive\Bureau\ENAA\Demandez-Rendez-vous2\conf\Catalina\localhost\Demandez-Rendez-vous2.xml] a pris [1 874] ms
05-Mar-2025 11:42:13.132 INFO [main] org.apache.coyote.AbstractProtocol.start Démarrage du gestionnaire de protocole ["http-nio-8090"]
05-Mar-2025 11:42:13.160 INFO [main] org.apache.catalina.startup.Catalina.start Le démarrage du serveur a pris [2060] millisecondes
05-Mar-2025 12:32:58.119 INFO [Thread-1] org.apache.coyote.AbstractProtocol.pause Le gestionnaire de protocole ["http-nio-8090"] est mis en pause
05-Mar-2025 12:32:58.138 INFO [Thread-1] org.apache.catalina.core.StandardService.stopInternal Arrêt du service [Catalina]
05-Mar-2025 12:32:58.149 WARNING [Thread-1] org.apache.catalina.loader.WebappClassLoaderBase.clearReferencesJdbc L'application web [Demandez-Rendez-vous2] a enregistré un pilote JDBC [com.mysql.cj.jdbc.Driver], mais ne l'a pas désenregistré avant l'arrêt de l'application.  Pour éviter une fuite de mémoire, le pilote JDBC a été désenregistré de force.
05-Mar-2025 12:32:58.150 WARNING [Thread-1] org.apache.catalina.loader.WebappClassLoaderBase.clearReferencesThreads L'application web [Demandez-Rendez-vous2] semble avoir démarré un thread nommé [mysql-cj-abandoned-connection-cleanup] mais ne l'a pas arrêté, ce qui va probablement créer une fuite de mémoire ; la trace du thread est : 
 java.base/jdk.internal.misc.Unsafe.park(Native Method)
 java.base/java.util.concurrent.locks.LockSupport.parkNanos(LockSupport.java:269)
 java.base/java.util.concurrent.locks.AbstractQueuedSynchronizer$ConditionObject.await(AbstractQueuedSynchronizer.java:1852)
 java.base/java.lang.ref.ReferenceQueue.await(ReferenceQueue.java:79)
 java.base/java.lang.ref.ReferenceQueue.remove0(ReferenceQueue.java:151)
 java.base/java.lang.ref.ReferenceQueue.remove(ReferenceQueue.java:229)
 com.mysql.cj.jdbc.AbandonedConnectionCleanupThread.run(AbandonedConnectionCleanupThread.java:84)
 java.base/java.util.concurrent.ThreadPoolExecutor.runWorker(ThreadPoolExecutor.java:1144)
 java.base/java.util.concurrent.ThreadPoolExecutor$Worker.run(ThreadPoolExecutor.java:642)
 java.base/java.lang.Thread.run(Thread.java:1575)
05-Mar-2025 12:32:58.166 INFO [Thread-1] org.apache.coyote.AbstractProtocol.stop Arrêt du gestionnaire de protocole ["http-nio-8090"]
05-Mar-2025 12:32:58.187 INFO [Thread-1] org.apache.coyote.AbstractProtocol.destroy Destruction du gestionnaire de protocole ["http-nio-8090"]
05-Mar-2025 12:33:06.652 INFO [main] org.apache.catalina.startup.VersionLoggerListener.log Nom version serveur :              Apache Tomcat/9.0.99
05-Mar-2025 12:33:06.660 INFO [main] org.apache.catalina.startup.VersionLoggerListener.log Serveur compilé :                  Feb 4 2025 20:08:08 UTC
05-Mar-2025 12:33:06.661 INFO [main] org.apache.catalina.startup.VersionLoggerListener.log Version du serveur :               9.0.99.0
05-Mar-2025 12:33:06.661 INFO [main] org.apache.catalina.startup.VersionLoggerListener.log Nom de l'OS :                      Windows 11
05-Mar-2025 12:33:06.661 INFO [main] org.apache.catalina.startup.VersionLoggerListener.log Version OS :                       10.0
05-Mar-2025 12:33:06.661 INFO [main] org.apache.catalina.startup.VersionLoggerListener.log Architecture :                     amd64
05-Mar-2025 12:33:06.662 INFO [main] org.apache.catalina.startup.VersionLoggerListener.log Java Home :                        C:\Users\abrad\.jdks\openjdk-23.0.1
05-Mar-2025 12:33:06.662 INFO [main] org.apache.catalina.startup.VersionLoggerListener.log Version JVM :                      23.0.1+11-39
05-Mar-2025 12:33:06.663 INFO [main] org.apache.catalina.startup.VersionLoggerListener.log Fournisseur de la JVM :            Oracle Corporation
05-Mar-2025 12:33:06.663 INFO [main] org.apache.catalina.startup.VersionLoggerListener.log CATALINA_BASE :                    C:\Users\abrad\OneDrive\Bureau\ENAA\Demandez-Rendez-vous2
05-Mar-2025 12:33:06.663 INFO [main] org.apache.catalina.startup.VersionLoggerListener.log CATALINA_HOME :                    C:\Program Files\Apache Software Foundation\Tomcat 9.0
05-Mar-2025 12:33:06.674 INFO [main] org.apache.catalina.startup.VersionLoggerListener.log Argument de la ligne de commande : --add-opens=java.base/java.lang=ALL-UNNAMED
05-Mar-2025 12:33:06.674 INFO [main] org.apache.catalina.startup.VersionLoggerListener.log Argument de la ligne de commande : --add-opens=java.base/java.io=ALL-UNNAMED
05-Mar-2025 12:33:06.675 INFO [main] org.apache.catalina.startup.VersionLoggerListener.log Argument de la ligne de commande : --add-opens=java.base/java.util=ALL-UNNAMED
05-Mar-2025 12:33:06.675 INFO [main] org.apache.catalina.startup.VersionLoggerListener.log Argument de la ligne de commande : --add-opens=java.base/java.util.concurrent=ALL-UNNAMED
05-Mar-2025 12:33:06.675 INFO [main] org.apache.catalina.startup.VersionLoggerListener.log Argument de la ligne de commande : --add-opens=java.rmi/sun.rmi.transport=ALL-UNNAMED
05-Mar-2025 12:33:06.675 INFO [main] org.apache.catalina.startup.VersionLoggerListener.log Argument de la ligne de commande : -Dcatalina.home=C:\Program Files\Apache Software Foundation\Tomcat 9.0
05-Mar-2025 12:33:06.675 INFO [main] org.apache.catalina.startup.VersionLoggerListener.log Argument de la ligne de commande : -Dcatalina.base=C:\Users\abrad\OneDrive\Bureau\ENAA\Demandez-Rendez-vous2
05-Mar-2025 12:33:06.675 INFO [main] org.apache.catalina.startup.VersionLoggerListener.log Argument de la ligne de commande : -Djava.io.tmpdir=C:\Users\abrad\OneDrive\Bureau\ENAA\Demandez-Rendez-vous2\temp
05-Mar-2025 12:33:06.675 INFO [main] org.apache.catalina.startup.VersionLoggerListener.log Argument de la ligne de commande : -Djava.util.logging.config.file=C:\Users\abrad\OneDrive\Bureau\ENAA\Demandez-Rendez-vous2\conf\logging.properties
05-Mar-2025 12:33:06.676 INFO [main] org.apache.catalina.startup.VersionLoggerListener.log Argument de la ligne de commande : -Djava.util.logging.manager=org.apache.juli.ClassLoaderLogManager
05-Mar-2025 12:33:06.676 INFO [main] org.apache.catalina.startup.VersionLoggerListener.log Argument de la ligne de commande : -javaagent:C:\Program Files\JetBrains\IntelliJ IDEA Community Edition 2024.3.1\lib\idea_rt.jar=58582:C:\Program Files\JetBrains\IntelliJ IDEA Community Edition 2024.3.1\bin
05-Mar-2025 12:33:06.676 INFO [main] org.apache.catalina.startup.VersionLoggerListener.log Argument de la ligne de commande : -Dfile.encoding=UTF-8
05-Mar-2025 12:33:06.676 INFO [main] org.apache.catalina.startup.VersionLoggerListener.log Argument de la ligne de commande : -Dsun.stdout.encoding=UTF-8
05-Mar-2025 12:33:06.676 INFO [main] org.apache.catalina.startup.VersionLoggerListener.log Argument de la ligne de commande : -Dsun.stderr.encoding=UTF-8
05-Mar-2025 12:33:06.685 INFO [main] org.apache.catalina.core.AprLifecycleListener.lifecycleEvent La librairie Apache Tomcat Native basée sur APR qui permet des performances optimales dans les environnements de production n'a pas été trouvée sur le java.library.path : [C:\Users\abrad\.jdks\openjdk-23.0.1\bin;C:\WINDOWS\Sun\Java\bin;C:\WINDOWS\system32;C:\WINDOWS;C:\Program Files\Common Files\Oracle\Java\javapath;C:\WINDOWS\system32;C:\WINDOWS;C:\WINDOWS\System32\Wbem;C:\WINDOWS\System32\WindowsPowerShell\v1.0\;C:\WINDOWS\System32\OpenSSH\;C:\MinGW\bin;C:\Program Files\Git\cmd;C:\Program Files\Java\jdk-23\bin;C:\Users\abrad\AppData\Local\Microsoft\WindowsApps;C:\Users\abrad\AppData\Local\Programs\Microsoft VS Code\bin;C:\MinGW\bin;;C:\Program Files\JetBrains\IntelliJ IDEA 2024.3.1\bin;;C:\Users\abrad\AppData\Local\JetBrains\IntelliJ IDEA Community Edition 2024.3.1\bin;;.]
05-Mar-2025 12:33:07.480 INFO [main] org.apache.coyote.AbstractProtocol.init Initialisation du gestionnaire de protocole ["http-nio-8090"]
05-Mar-2025 12:33:07.517 INFO [main] org.apache.catalina.startup.Catalina.load L'initialisation du serveur a pris [1287] millisecondes
05-Mar-2025 12:33:07.681 INFO [main] org.apache.catalina.core.StandardService.startInternal Démarrage du service [Catalina]
05-Mar-2025 12:33:07.681 INFO [main] org.apache.catalina.core.StandardEngine.startInternal Démarrage du moteur de Servlets : [Apache Tomcat/9.0.99]
05-Mar-2025 12:33:07.701 INFO [main] org.apache.catalina.startup.HostConfig.deployDescriptor Déploiement du descripteur de configuration [C:\Users\abrad\OneDrive\Bureau\ENAA\Demandez-Rendez-vous2\conf\Catalina\localhost\Demandez-Rendez-vous2.xml]
05-Mar-2025 12:33:08.071 WARNING [main] org.apache.tomcat.util.descriptor.web.WebXml.setVersion Version [6.0] inconnue, utilisation de la version par défaut
05-Mar-2025 12:33:09.544 INFO [main] org.apache.jasper.servlet.TldScanner.scanJars Au moins un fichier JAR a été analysé pour trouver des TLDs mais il n'en contenait pas, le mode "debug" du journal peut être activé pour obtenir une liste complète de JAR scannés sans succès ; éviter d'analyser des JARs inutilement peut améliorer sensiblement le temps de démarrage et le temps de compilation des JSPs
05-Mar-2025 12:33:09.726 INFO [main] org.apache.catalina.startup.HostConfig.deployDescriptor Le traitement du descripteur de déploiement [C:\Users\abrad\OneDrive\Bureau\ENAA\Demandez-Rendez-vous2\conf\Catalina\localhost\Demandez-Rendez-vous2.xml] a pris [2 021] ms
05-Mar-2025 12:33:09.734 INFO [main] org.apache.coyote.AbstractProtocol.start Démarrage du gestionnaire de protocole ["http-nio-8090"]
05-Mar-2025 12:33:09.769 INFO [main] org.apache.catalina.startup.Catalina.start Le démarrage du serveur a pris [2246] millisecondes
